# JRE version: OpenJDK Runtime Environment Temurin-21.0.10+7 (21.0.10+7) (build 21.0.10+7-LTS)
# Java VM: OpenJDK 64-Bit Server VM Temurin-21.0.10+7 (21.0.10+7-LTS, mixed mode, sharing, tiered, compressed oops, compressed class ptrs, g1 gc, windows-amd64)
GC Precious Log:
 CardTable entry size: 512
 Card Set container configuration: InlinePtr #cards 4 size 8 Array Of Cards #cards 32 size 80 Howl #buckets 8 coarsen threshold 7372 Howl Bitmap #cards 1024 size 144 coarsen threshold 921 Card regions per heap region 1 cards per card region 8192
 CPUs: 8 total, 8 available
 Memory: 7934M
 Large Page Support: Disabled
 NUMA Support: Disabled
 Compressed Oops: Enabled (Zero based)
 Heap Region Size: 4M
 Heap Min Capacity: 8M
 Heap Initial Capacity: 124M
 Heap Max Capacity: 8G
 Pre-touch: Disabled
 Parallel Workers: 8
 Concurrent Workers: 2
 Concurrent Refinement Workers: 8
 Periodic GC: Disabled
Heap:
 garbage-first heap   total 499712K, used 336446K [0x0000000600000000, 0x0000000800000000)
  region size 4096K, 11 young (45056K), 3 survivors (12288K)
 Metaspace       used 129211K, committed 132224K, reserved 1179648K
  class space    used 18267K, committed 19712K, reserved 1048576K
GC Heap History (20 events):
Event: 240.274 GC heap before
{Heap before GC invocations=71 (full 0):
 garbage-first heap   total 344064K, used 307215K [0x0000000600000000, 0x0000000800000000)
  region size 4096K, 28 young (114688K), 2 survivors (8192K)
 Metaspace       used 117303K, committed 120256K, reserved 1179648K
  class space    used 16694K, committed 18112K, reserved 1048576K
}
Event: 240.289 GC heap after
{Heap after GC invocations=72 (full 0):
 garbage-first heap   total 344064K, used 214153K [0x0000000600000000, 0x0000000800000000)
  region size 4096K, 4 young (16384K), 4 survivors (16384K)
 Metaspace       used 117303K, committed 120256K, reserved 1179648K
  class space    used 16694K, committed 18112K, reserved 1048576K
}
Event: 241.829 GC heap before
{Heap before GC invocations=72 (full 0):
 garbage-first heap   total 344064K, used 304265K [0x0000000600000000, 0x0000000800000000)
  region size 4096K, 27 young (110592K), 4 survivors (16384K)
 Metaspace       used 117405K, committed 120320K, reserved 1179648K
  class space    used 16707K, committed 18112K, reserved 1048576K
}
Event: 241.842 GC heap after
{Heap after GC invocations=73 (full 0):
 garbage-first heap   total 344064K, used 219562K [0x0000000600000000, 0x0000000800000000)
  region size 4096K, 2 young (8192K), 2 survivors (8192K)
 Metaspace       used 117405K, committed 120320K, reserved 1179648K
  class space    used 16707K, committed 18112K, reserved 1048576K
}
Event: 244.111 GC heap before
{Heap before GC invocations=74 (full 0):
 garbage-first heap   total 368640K, used 309674K [0x0000000600000000, 0x0000000800000000)
  region size 4096K, 25 young (102400K), 2 survivors (8192K)
 Metaspace       used 117555K, committed 120448K, reserved 1179648K
  class space    used 16724K, committed 18112K, reserved 1048576K
}
Event: 244.118 GC heap after
{Heap after GC invocations=75 (full 0):
 garbage-first heap   total 368640K, used 225344K [0x0000000600000000, 0x0000000800000000)
  region size 4096K, 4 young (16384K), 4 survivors (16384K)
 Metaspace       used 117555K, committed 120448K, reserved 1179648K
  class space    used 16724K, committed 18112K, reserved 1048576K
}
Event: 246.961 GC heap before
{Heap before GC invocations=75 (full 0):
 garbage-first heap   total 368640K, used 327744K [0x0000000600000000, 0x0000000800000000)
  region size 4096K, 30 young (122880K), 4 survivors (16384K)
 Metaspace       used 117585K, committed 120512K, reserved 1179648K
  class space    used 16728K, committed 18112K, reserved 1048576K
}
Event: 246.976 GC heap after
{Heap after GC invocations=76 (full 0):
 garbage-first heap   total 368640K, used 228833K [0x0000000600000000, 0x0000000800000000)
  region size 4096K, 2 young (8192K), 2 survivors (8192K)
 Metaspace       used 117585K, committed 120512K, reserved 1179648K
  class space    used 16728K, committed 18112K, reserved 1048576K
}
Event: 248.503 GC heap before
{Heap before GC invocations=76 (full 0):
 garbage-first heap   total 368640K, used 335329K [0x0000000600000000, 0x0000000800000000)
  region size 4096K, 28 young (114688K), 2 survivors (8192K)
 Metaspace       used 117911K, committed 120832K, reserved 1179648K
  class space    used 16767K, committed 18176K, reserved 1048576K
}
Event: 248.513 GC heap after
{Heap after GC invocations=77 (full 0):
 garbage-first heap   total 368640K, used 235523K [0x0000000600000000, 0x0000000800000000)
  region size 4096K, 4 young (16384K), 4 survivors (16384K)
 Metaspace       used 117911K, committed 120832K, reserved 1179648K
  class space    used 16767K, committed 18176K, reserved 1048576K
}
Event: 250.052 GC heap before
{Heap before GC invocations=78 (full 0):
 garbage-first heap   total 405504K, used 333827K [0x0000000600000000, 0x0000000800000000)
  region size 4096K, 28 young (114688K), 4 survivors (16384K)
 Metaspace       used 121400K, committed 124352K, reserved 1179648K
  class space    used 17244K, committed 18688K, reserved 1048576K
}
Event: 250.070 GC heap after
{Heap after GC invocations=79 (full 0):
 garbage-first heap   total 405504K, used 244009K [0x0000000600000000, 0x0000000800000000)
  region size 4096K, 3 young (12288K), 3 survivors (12288K)
 Metaspace       used 121400K, committed 124352K, reserved 1179648K
  class space    used 17244K, committed 18688K, reserved 1048576K
}
Event: 251.859 GC heap before
{Heap before GC invocations=79 (full 0):
 garbage-first heap   total 405504K, used 366889K [0x0000000600000000, 0x0000000800000000)
  region size 4096K, 33 young (135168K), 3 survivors (12288K)
 Metaspace       used 126688K, committed 129600K, reserved 1179648K
  class space    used 17936K, committed 19328K, reserved 1048576K
}
Event: 251.877 GC heap after
{Heap after GC invocations=80 (full 0):
 garbage-first heap   total 405504K, used 255290K [0x0000000600000000, 0x0000000800000000)
  region size 4096K, 5 young (20480K), 5 survivors (20480K)
 Metaspace       used 126688K, committed 129600K, reserved 1179648K
  class space    used 17936K, committed 19328K, reserved 1048576K
}
Event: 252.796 GC heap before
{Heap before GC invocations=80 (full 0):
 garbage-first heap   total 405504K, used 365882K [0x0000000600000000, 0x0000000800000000)
  region size 4096K, 32 young (131072K), 5 survivors (20480K)
 Metaspace       used 127081K, committed 129984K, reserved 1179648K
  class space    used 17964K, committed 19392K, reserved 1048576K
}
Event: 252.826 GC heap after
{Heap after GC invocations=81 (full 0):
 garbage-first heap   total 413696K, used 277171K [0x0000000600000000, 0x0000000800000000)
  region size 4096K, 4 young (16384K), 4 survivors (16384K)
 Metaspace       used 127081K, committed 129984K, reserved 1179648K
  class space    used 17964K, committed 19392K, reserved 1048576K
}
Event: 254.397 GC heap before
{Heap before GC invocations=81 (full 0):
 garbage-first heap   total 413696K, used 375475K [0x0000000600000000, 0x0000000800000000)
  region size 4096K, 28 young (114688K), 4 survivors (16384K)
 Metaspace       used 128479K, committed 131392K, reserved 1179648K
  class space    used 18160K, committed 19584K, reserved 1048576K
}
Event: 254.420 GC heap after
{Heap after GC invocations=82 (full 0):
 garbage-first heap   total 413696K, used 296468K [0x0000000600000000, 0x0000000800000000)
  region size 4096K, 4 young (16384K), 4 survivors (16384K)
 Metaspace       used 128479K, committed 131392K, reserved 1179648K
  class space    used 18160K, committed 19584K, reserved 1048576K
}
Event: 257.668 GC heap before
{Heap before GC invocations=83 (full 0):
 garbage-first heap   total 499712K, used 374292K [0x0000000600000000, 0x0000000800000000)
  region size 4096K, 23 young (94208K), 4 survivors (16384K)
 Metaspace       used 129172K, committed 132160K, reserved 1179648K
  class space    used 18267K, committed 19712K, reserved 1048576K
}
Event: 257.693 GC heap after
{Heap after GC invocations=84 (full 0):
 garbage-first heap   total 499712K, used 307774K [0x0000000600000000, 0x0000000800000000)
  region size 4096K, 3 young (12288K), 3 survivors (12288K)
 Metaspace       used 129172K, committed 132160K, reserved 1179648K
  class space    used 18267K, committed 19712K, reserved 1048576K
}

