# JRE version: OpenJDK Runtime Environment Temurin-21.0.10+7 (21.0.10+7) (build 21.0.10+7-LTS)
# Java VM: OpenJDK 64-Bit Server VM Temurin-21.0.10+7 (21.0.10+7-LTS, mixed mode, sharing, tiered, compressed oops, compressed class ptrs, g1 gc, windows-amd64)
GC Precious Log:
 CardTable entry size: 512
 Card Set container configuration: InlinePtr #cards 4 size 8 Array Of Cards #cards 32 size 80 Howl #buckets 8 coarsen threshold 7372 Howl Bitmap #cards 1024 size 144 coarsen threshold 921 Card regions per heap region 1 cards per card region 8192
 CPUs: 8 total, 8 available
 Memory: 7934M
 Large Page Support: Disabled
 NUMA Support: Disabled
 Compressed Oops: Enabled (Zero based)
 Heap Region Size: 4M
 Heap Min Capacity: 8M
 Heap Initial Capacity: 124M
 Heap Max Capacity: 8G
 Pre-touch: Disabled
 Parallel Workers: 8
 Concurrent Workers: 2
 Concurrent Refinement Workers: 8
 Periodic GC: Disabled
Heap:
 garbage-first heap   total 376832K, used 259982K [0x0000000600000000, 0x0000000800000000)
  region size 4096K, 8 young (32768K), 3 survivors (12288K)
 Metaspace       used 118092K, committed 120896K, reserved 1179648K
  class space    used 16808K, committed 18112K, reserved 1048576K
GC Heap History (20 events):
Event: 59.531 GC heap before
{Heap before GC invocations=61 (full 0):
 garbage-first heap   total 315392K, used 247154K [0x0000000600000000, 0x0000000800000000)
  region size 4096K, 17 young (69632K), 2 survivors (8192K)
 Metaspace       used 110019K, committed 112704K, reserved 1179648K
  class space    used 15714K, committed 17024K, reserved 1048576K
}
Event: 59.539 GC heap after
{Heap after GC invocations=62 (full 0):
 garbage-first heap   total 315392K, used 187329K [0x0000000600000000, 0x0000000800000000)
  region size 4096K, 2 young (8192K), 2 survivors (8192K)
 Metaspace       used 110019K, committed 112704K, reserved 1179648K
  class space    used 15714K, committed 17024K, reserved 1048576K
}
Event: 62.218 GC heap before
{Heap before GC invocations=62 (full 0):
 garbage-first heap   total 315392K, used 281537K [0x0000000600000000, 0x0000000800000000)
  region size 4096K, 26 young (106496K), 2 survivors (8192K)
 Metaspace       used 110210K, committed 112896K, reserved 1179648K
  class space    used 15740K, committed 17024K, reserved 1048576K
}
Event: 62.230 GC heap after
{Heap after GC invocations=63 (full 0):
 garbage-first heap   total 315392K, used 194067K [0x0000000600000000, 0x0000000800000000)
  region size 4096K, 4 young (16384K), 4 survivors (16384K)
 Metaspace       used 110210K, committed 112896K, reserved 1179648K
  class space    used 15740K, committed 17024K, reserved 1048576K
}
Event: 64.059 GC heap before
{Heap before GC invocations=63 (full 0):
 garbage-first heap   total 315392K, used 280083K [0x0000000600000000, 0x0000000800000000)
  region size 4096K, 26 young (106496K), 4 survivors (16384K)
 Metaspace       used 110219K, committed 112896K, reserved 1179648K
  class space    used 15740K, committed 17024K, reserved 1048576K
}
Event: 64.071 GC heap after
{Heap after GC invocations=64 (full 0):
 garbage-first heap   total 315392K, used 196172K [0x0000000600000000, 0x0000000800000000)
  region size 4096K, 2 young (8192K), 2 survivors (8192K)
 Metaspace       used 110219K, committed 112896K, reserved 1179648K
  class space    used 15740K, committed 17024K, reserved 1048576K
}
Event: 65.994 GC heap before
{Heap before GC invocations=64 (full 0):
 garbage-first heap   total 315392K, used 282188K [0x0000000600000000, 0x0000000800000000)
  region size 4096K, 24 young (98304K), 2 survivors (8192K)
 Metaspace       used 110542K, committed 113216K, reserved 1179648K
  class space    used 15774K, committed 17088K, reserved 1048576K
}
Event: 66.005 GC heap after
{Heap after GC invocations=65 (full 0):
 garbage-first heap   total 315392K, used 204800K [0x0000000600000000, 0x0000000800000000)
  region size 4096K, 3 young (12288K), 3 survivors (12288K)
 Metaspace       used 110542K, committed 113216K, reserved 1179648K
  class space    used 15774K, committed 17088K, reserved 1048576K
}
Event: 67.909 GC heap before
{Heap before GC invocations=66 (full 0):
 garbage-first heap   total 344064K, used 286720K [0x0000000600000000, 0x0000000800000000)
  region size 4096K, 23 young (94208K), 3 survivors (12288K)
 Metaspace       used 110739K, committed 113472K, reserved 1179648K
  class space    used 15791K, committed 17088K, reserved 1048576K
}
Event: 67.923 GC heap after
{Heap after GC invocations=67 (full 0):
 garbage-first heap   total 344064K, used 211410K [0x0000000600000000, 0x0000000800000000)
  region size 4096K, 2 young (8192K), 2 survivors (8192K)
 Metaspace       used 110739K, committed 113472K, reserved 1179648K
  class space    used 15791K, committed 17088K, reserved 1048576K
}
Event: 69.464 GC heap before
{Heap before GC invocations=67 (full 0):
 garbage-first heap   total 344064K, used 309714K [0x0000000600000000, 0x0000000800000000)
  region size 4096K, 27 young (110592K), 2 survivors (8192K)
 Metaspace       used 110766K, committed 113472K, reserved 1179648K
  class space    used 15791K, committed 17088K, reserved 1048576K
}
Event: 69.475 GC heap after
{Heap after GC invocations=68 (full 0):
 garbage-first heap   total 344064K, used 213481K [0x0000000600000000, 0x0000000800000000)
  region size 4096K, 3 young (12288K), 3 survivors (12288K)
 Metaspace       used 110766K, committed 113472K, reserved 1179648K
  class space    used 15791K, committed 17088K, reserved 1048576K
}
Event: 74.403 GC heap before
{Heap before GC invocations=68 (full 0):
 garbage-first heap   total 344064K, used 311785K [0x0000000600000000, 0x0000000800000000)
  region size 4096K, 28 young (114688K), 3 survivors (12288K)
 Metaspace       used 110928K, committed 113664K, reserved 1179648K
  class space    used 15809K, committed 17088K, reserved 1048576K
}
Event: 74.415 GC heap after
{Heap after GC invocations=69 (full 0):
 garbage-first heap   total 344064K, used 221366K [0x0000000600000000, 0x0000000800000000)
  region size 4096K, 4 young (16384K), 4 survivors (16384K)
 Metaspace       used 110928K, committed 113664K, reserved 1179648K
  class space    used 15809K, committed 17088K, reserved 1048576K
}
Event: 76.311 GC heap before
{Heap before GC invocations=70 (full 0):
 garbage-first heap   total 376832K, used 307382K [0x0000000600000000, 0x0000000800000000)
  region size 4096K, 26 young (106496K), 4 survivors (16384K)
 Metaspace       used 111111K, committed 113920K, reserved 1179648K
  class space    used 15828K, committed 17152K, reserved 1048576K
}
Event: 76.321 GC heap after
{Heap after GC invocations=71 (full 0):
 garbage-first heap   total 376832K, used 226383K [0x0000000600000000, 0x0000000800000000)
  region size 4096K, 2 young (8192K), 2 survivors (8192K)
 Metaspace       used 111111K, committed 113920K, reserved 1179648K
  class space    used 15828K, committed 17152K, reserved 1048576K
}
Event: 79.736 GC heap before
{Heap before GC invocations=71 (full 0):
 garbage-first heap   total 376832K, used 345167K [0x0000000600000000, 0x0000000800000000)
  region size 4096K, 31 young (126976K), 2 survivors (8192K)
 Metaspace       used 112667K, committed 115456K, reserved 1179648K
  class space    used 16070K, committed 17408K, reserved 1048576K
}
Event: 79.751 GC heap after
{Heap after GC invocations=72 (full 0):
 garbage-first heap   total 376832K, used 233546K [0x0000000600000000, 0x0000000800000000)
  region size 4096K, 4 young (16384K), 4 survivors (16384K)
 Metaspace       used 112667K, committed 115456K, reserved 1179648K
  class space    used 16070K, committed 17408K, reserved 1048576K
}
Event: 81.131 GC heap before
{Heap before GC invocations=72 (full 0):
 garbage-first heap   total 376832K, used 344138K [0x0000000600000000, 0x0000000800000000)
  region size 4096K, 31 young (126976K), 4 survivors (16384K)
 Metaspace       used 117418K, committed 120256K, reserved 1179648K
  class space    used 16708K, committed 18048K, reserved 1048576K
}
Event: 81.147 GC heap after
{Heap after GC invocations=73 (full 0):
 garbage-first heap   total 376832K, used 243598K [0x0000000600000000, 0x0000000800000000)
  region size 4096K, 3 young (12288K), 3 survivors (12288K)
 Metaspace       used 117418K, committed 120256K, reserved 1179648K
  class space    used 16708K, committed 18048K, reserved 1048576K
}

