# JRE version: OpenJDK Runtime Environment Temurin-21.0.10+7 (21.0.10+7) (build 21.0.10+7-LTS)
# Java VM: OpenJDK 64-Bit Server VM Temurin-21.0.10+7 (21.0.10+7-LTS, mixed mode, sharing, tiered, compressed oops, compressed class ptrs, g1 gc, windows-amd64)
GC Precious Log:
 CardTable entry size: 512
 Card Set container configuration: InlinePtr #cards 4 size 8 Array Of Cards #cards 32 size 80 Howl #buckets 8 coarsen threshold 7372 Howl Bitmap #cards 1024 size 144 coarsen threshold 921 Card regions per heap region 1 cards per card region 8192
 CPUs: 8 total, 8 available
 Memory: 7934M
 Large Page Support: Disabled
 NUMA Support: Disabled
 Compressed Oops: Enabled (Zero based)
 Heap Region Size: 4M
 Heap Min Capacity: 8M
 Heap Initial Capacity: 124M
 Heap Max Capacity: 8G
 Pre-touch: Disabled
 Parallel Workers: 8
 Concurrent Workers: 2
 Concurrent Refinement Workers: 8
 Periodic GC: Disabled
Heap:
 garbage-first heap   total 774144K, used 340931K [0x0000000600000000, 0x0000000800000000)
  region size 4096K, 3 young (12288K), 3 survivors (12288K)
 Metaspace       used 199270K, committed 202944K, reserved 1245184K
  class space    used 25920K, committed 27712K, reserved 1048576K
GC Heap History (20 events):
Event: 209.866 GC heap after
{Heap after GC invocations=97 (full 0):
 garbage-first heap   total 749568K, used 372342K [0x0000000600000000, 0x0000000800000000)
  region size 4096K, 8 young (32768K), 8 survivors (32768K)
 Metaspace       used 191822K, committed 195200K, reserved 1245184K
  class space    used 25177K, committed 26816K, reserved 1048576K
}
Event: 218.029 GC heap before
{Heap before GC invocations=97 (full 0):
 garbage-first heap   total 749568K, used 695926K [0x0000000600000000, 0x0000000800000000)
  region size 4096K, 87 young (356352K), 8 survivors (32768K)
 Metaspace       used 193178K, committed 196672K, reserved 1245184K
  class space    used 25251K, committed 26944K, reserved 1048576K
}
Event: 218.115 GC heap after
{Heap after GC invocations=98 (full 0):
 garbage-first heap   total 774144K, used 348505K [0x0000000600000000, 0x0000000800000000)
  region size 4096K, 10 young (40960K), 10 survivors (40960K)
 Metaspace       used 193178K, committed 196672K, reserved 1245184K
  class space    used 25251K, committed 26944K, reserved 1048576K
}
Event: 315.662 GC heap before
{Heap before GC invocations=98 (full 0):
 garbage-first heap   total 774144K, used 692569K [0x0000000600000000, 0x0000000800000000)
  region size 4096K, 94 young (385024K), 10 survivors (40960K)
 Metaspace       used 193783K, committed 197248K, reserved 1245184K
  class space    used 25287K, committed 26944K, reserved 1048576K
}
Event: 315.807 GC heap after
{Heap after GC invocations=99 (full 0):
 garbage-first heap   total 774144K, used 338269K [0x0000000600000000, 0x0000000800000000)
  region size 4096K, 4 young (16384K), 4 survivors (16384K)
 Metaspace       used 193783K, committed 197248K, reserved 1245184K
  class space    used 25287K, committed 26944K, reserved 1048576K
}
Event: 883.832 GC heap before
{Heap before GC invocations=99 (full 0):
 garbage-first heap   total 774144K, used 711005K [0x0000000600000000, 0x0000000800000000)
  region size 4096K, 96 young (393216K), 4 survivors (16384K)
 Metaspace       used 194331K, committed 197888K, reserved 1245184K
  class space    used 25307K, committed 27008K, reserved 1048576K
}
Event: 884.092 GC heap after
{Heap after GC invocations=100 (full 0):
 garbage-first heap   total 774144K, used 329746K [0x0000000600000000, 0x0000000800000000)
  region size 4096K, 2 young (8192K), 2 survivors (8192K)
 Metaspace       used 194331K, committed 197888K, reserved 1245184K
  class space    used 25307K, committed 27008K, reserved 1048576K
}
Event: 884.900 GC heap before
{Heap before GC invocations=100 (full 0):
 garbage-first heap   total 774144K, used 358418K [0x0000000600000000, 0x0000000800000000)
  region size 4096K, 9 young (36864K), 2 survivors (8192K)
 Metaspace       used 194339K, committed 197888K, reserved 1245184K
  class space    used 25307K, committed 27008K, reserved 1048576K
}
Event: 884.963 GC heap after
{Heap after GC invocations=101 (full 0):
 garbage-first heap   total 774144K, used 330805K [0x0000000600000000, 0x0000000800000000)
  region size 4096K, 2 young (8192K), 2 survivors (8192K)
 Metaspace       used 194339K, committed 197888K, reserved 1245184K
  class space    used 25307K, committed 27008K, reserved 1048576K
}
Event: 888.462 GC heap before
{Heap before GC invocations=102 (full 0):
 garbage-first heap   total 774144K, used 355381K [0x0000000600000000, 0x0000000800000000)
  region size 4096K, 9 young (36864K), 2 survivors (8192K)
 Metaspace       used 195001K, committed 198528K, reserved 1245184K
  class space    used 25396K, committed 27072K, reserved 1048576K
}
Event: 888.492 GC heap after
{Heap after GC invocations=103 (full 0):
 garbage-first heap   total 774144K, used 332792K [0x0000000600000000, 0x0000000800000000)
  region size 4096K, 2 young (8192K), 2 survivors (8192K)
 Metaspace       used 195001K, committed 198528K, reserved 1245184K
  class space    used 25396K, committed 27072K, reserved 1048576K
}
Event: 928.702 GC heap before
{Heap before GC invocations=103 (full 0):
 garbage-first heap   total 774144K, used 676856K [0x0000000600000000, 0x0000000800000000)
  region size 4096K, 87 young (356352K), 2 survivors (8192K)
 Metaspace       used 198937K, committed 202496K, reserved 1245184K
  class space    used 25912K, committed 27648K, reserved 1048576K
}
Event: 928.839 GC heap after
{Heap after GC invocations=104 (full 0):
 garbage-first heap   total 774144K, used 307838K [0x0000000600000000, 0x0000000800000000)
  region size 4096K, 10 young (40960K), 10 survivors (40960K)
 Metaspace       used 198937K, committed 202496K, reserved 1245184K
  class space    used 25912K, committed 27648K, reserved 1048576K
}
Event: 935.262 GC heap before
{Heap before GC invocations=104 (full 0):
 garbage-first heap   total 774144K, used 676478K [0x0000000600000000, 0x0000000800000000)
  region size 4096K, 100 young (409600K), 10 survivors (40960K)
 Metaspace       used 199126K, committed 202752K, reserved 1245184K
  class space    used 25919K, committed 27648K, reserved 1048576K
}
Event: 935.975 GC heap after
{Heap after GC invocations=105 (full 0):
 garbage-first heap   total 774144K, used 324807K [0x0000000600000000, 0x0000000800000000)
  region size 4096K, 7 young (28672K), 7 survivors (28672K)
 Metaspace       used 199126K, committed 202752K, reserved 1245184K
  class space    used 25919K, committed 27648K, reserved 1048576K
}
Event: 936.590 GC heap before
{Heap before GC invocations=105 (full 0):
 garbage-first heap   total 774144K, used 332999K [0x0000000600000000, 0x0000000800000000)
  region size 4096K, 9 young (36864K), 7 survivors (28672K)
 Metaspace       used 199145K, committed 202816K, reserved 1245184K
  class space    used 25919K, committed 27648K, reserved 1048576K
}
Event: 936.638 GC heap after
{Heap after GC invocations=106 (full 0):
 garbage-first heap   total 774144K, used 330898K [0x0000000600000000, 0x0000000800000000)
  region size 4096K, 2 young (8192K), 2 survivors (8192K)
 Metaspace       used 199145K, committed 202816K, reserved 1245184K
  class space    used 25919K, committed 27648K, reserved 1048576K
}
Event: 937.571 GC heap before
{Heap before GC invocations=106 (full 0):
 garbage-first heap   total 774144K, used 384146K [0x0000000600000000, 0x0000000800000000)
  region size 4096K, 15 young (61440K), 2 survivors (8192K)
 Metaspace       used 199212K, committed 202880K, reserved 1245184K
  class space    used 25919K, committed 27648K, reserved 1048576K
}
Event: 937.604 GC heap after
{Heap after GC invocations=107 (full 0):
 garbage-first heap   total 774144K, used 333414K [0x0000000600000000, 0x0000000800000000)
  region size 4096K, 2 young (8192K), 2 survivors (8192K)
 Metaspace       used 199212K, committed 202880K, reserved 1245184K
  class space    used 25919K, committed 27648K, reserved 1048576K
}
Event: 938.801 GC heap before
{Heap before GC invocations=107 (full 0):
 garbage-first heap   total 774144K, used 398950K [0x0000000600000000, 0x0000000800000000)
  region size 4096K, 18 young (73728K), 2 survivors (8192K)
 Metaspace       used 199270K, committed 202944K, reserved 1245184K
  class space    used 25920K, committed 27712K, reserved 1048576K
}

