# JRE version: OpenJDK Runtime Environment Temurin-21.0.10+7 (21.0.10+7) (build 21.0.10+7-LTS)
# Java VM: OpenJDK 64-Bit Server VM Temurin-21.0.10+7 (21.0.10+7-LTS, mixed mode, sharing, tiered, compressed oops, compressed class ptrs, g1 gc, windows-amd64)
GC Precious Log:
 CardTable entry size: 512
 Card Set container configuration: InlinePtr #cards 4 size 8 Array Of Cards #cards 32 size 80 Howl #buckets 8 coarsen threshold 7372 Howl Bitmap #cards 1024 size 144 coarsen threshold 921 Card regions per heap region 1 cards per card region 8192
 CPUs: 8 total, 8 available
 Memory: 7934M
 Large Page Support: Disabled
 NUMA Support: Disabled
 Compressed Oops: Enabled (Zero based)
 Heap Region Size: 4M
 Heap Min Capacity: 8M
 Heap Initial Capacity: 124M
 Heap Max Capacity: 8G
 Pre-touch: Disabled
 Parallel Workers: 8
 Concurrent Workers: 2
 Concurrent Refinement Workers: 8
 Periodic GC: Disabled
Heap:
 garbage-first heap   total 323584K, used 221886K [0x0000000600000000, 0x0000000800000000)
  region size 4096K, 8 young (32768K), 4 survivors (16384K)
 Metaspace       used 110739K, committed 113472K, reserved 1179648K
  class space    used 15782K, committed 17088K, reserved 1048576K
GC Heap History (20 events):
Event: 64.795 GC heap before
{Heap before GC invocations=57 (full 0):
 garbage-first heap   total 262144K, used 216608K [0x0000000600000000, 0x0000000800000000)
  region size 4096K, 17 young (69632K), 1 survivors (4096K)
 Metaspace       used 108565K, committed 111168K, reserved 1179648K
  class space    used 15515K, committed 16768K, reserved 1048576K
}
Event: 64.803 GC heap after
{Heap after GC invocations=58 (full 0):
 garbage-first heap   total 262144K, used 160052K [0x0000000600000000, 0x0000000800000000)
  region size 4096K, 3 young (12288K), 3 survivors (12288K)
 Metaspace       used 108565K, committed 111168K, reserved 1179648K
  class space    used 15515K, committed 16768K, reserved 1048576K
}
Event: 67.296 GC heap before
{Heap before GC invocations=58 (full 0):
 garbage-first heap   total 262144K, used 229684K [0x0000000600000000, 0x0000000800000000)
  region size 4096K, 21 young (86016K), 3 survivors (12288K)
 Metaspace       used 108568K, committed 111168K, reserved 1179648K
  class space    used 15515K, committed 16768K, reserved 1048576K
}
Event: 67.306 GC heap after
{Heap after GC invocations=59 (full 0):
 garbage-first heap   total 262144K, used 161374K [0x0000000600000000, 0x0000000800000000)
  region size 4096K, 2 young (8192K), 2 survivors (8192K)
 Metaspace       used 108568K, committed 111168K, reserved 1179648K
  class space    used 15515K, committed 16768K, reserved 1048576K
}
Event: 69.621 GC heap before
{Heap before GC invocations=59 (full 0):
 garbage-first heap   total 262144K, used 231006K [0x0000000600000000, 0x0000000800000000)
  region size 4096K, 20 young (81920K), 2 survivors (8192K)
 Metaspace       used 108568K, committed 111168K, reserved 1179648K
  class space    used 15515K, committed 16768K, reserved 1048576K
}
Event: 69.627 GC heap after
{Heap after GC invocations=60 (full 0):
 garbage-first heap   total 262144K, used 162612K [0x0000000600000000, 0x0000000800000000)
  region size 4096K, 2 young (8192K), 2 survivors (8192K)
 Metaspace       used 108568K, committed 111168K, reserved 1179648K
  class space    used 15515K, committed 16768K, reserved 1048576K
}
Event: 72.735 GC heap before
{Heap before GC invocations=61 (full 0):
 garbage-first heap   total 282624K, used 236340K [0x0000000600000000, 0x0000000800000000)
  region size 4096K, 20 young (81920K), 2 survivors (8192K)
 Metaspace       used 109910K, committed 112512K, reserved 1179648K
  class space    used 15697K, committed 16960K, reserved 1048576K
}
Event: 72.747 GC heap after
{Heap after GC invocations=62 (full 0):
 garbage-first heap   total 282624K, used 182727K [0x0000000600000000, 0x0000000800000000)
  region size 4096K, 3 young (12288K), 3 survivors (12288K)
 Metaspace       used 109910K, committed 112512K, reserved 1179648K
  class space    used 15697K, committed 16960K, reserved 1048576K
}
Event: 75.310 GC heap before
{Heap before GC invocations=62 (full 0):
 garbage-first heap   total 282624K, used 252359K [0x0000000600000000, 0x0000000800000000)
  region size 4096K, 20 young (81920K), 3 survivors (12288K)
 Metaspace       used 109935K, committed 112576K, reserved 1179648K
  class space    used 15697K, committed 16960K, reserved 1048576K
}
Event: 75.324 GC heap after
{Heap after GC invocations=63 (full 0):
 garbage-first heap   total 282624K, used 185587K [0x0000000600000000, 0x0000000800000000)
  region size 4096K, 2 young (8192K), 2 survivors (8192K)
 Metaspace       used 109935K, committed 112576K, reserved 1179648K
  class space    used 15697K, committed 16960K, reserved 1048576K
}
Event: 79.273 GC heap before
{Heap before GC invocations=63 (full 0):
 garbage-first heap   total 282624K, used 247027K [0x0000000600000000, 0x0000000800000000)
  region size 4096K, 18 young (73728K), 2 survivors (8192K)
 Metaspace       used 110111K, committed 112768K, reserved 1179648K
  class space    used 15713K, committed 17024K, reserved 1048576K
}
Event: 79.280 GC heap after
{Heap after GC invocations=64 (full 0):
 garbage-first heap   total 282624K, used 189276K [0x0000000600000000, 0x0000000800000000)
  region size 4096K, 2 young (8192K), 2 survivors (8192K)
 Metaspace       used 110111K, committed 112768K, reserved 1179648K
  class space    used 15713K, committed 17024K, reserved 1048576K
}
Event: 81.777 GC heap before
{Heap before GC invocations=65 (full 0):
 garbage-first heap   total 323584K, used 250716K [0x0000000600000000, 0x0000000800000000)
  region size 4096K, 18 young (73728K), 2 survivors (8192K)
 Metaspace       used 110114K, committed 112768K, reserved 1179648K
  class space    used 15713K, committed 17024K, reserved 1048576K
}
Event: 81.793 GC heap after
{Heap after GC invocations=66 (full 0):
 garbage-first heap   total 323584K, used 190713K [0x0000000600000000, 0x0000000800000000)
  region size 4096K, 2 young (8192K), 2 survivors (8192K)
 Metaspace       used 110114K, committed 112768K, reserved 1179648K
  class space    used 15713K, committed 17024K, reserved 1048576K
}
Event: 86.944 GC heap before
{Heap before GC invocations=66 (full 0):
 garbage-first heap   total 323584K, used 289017K [0x0000000600000000, 0x0000000800000000)
  region size 4096K, 27 young (110592K), 2 survivors (8192K)
 Metaspace       used 110317K, committed 112960K, reserved 1179648K
  class space    used 15739K, committed 17024K, reserved 1048576K
}
Event: 87.004 GC heap after
{Heap after GC invocations=67 (full 0):
 garbage-first heap   total 323584K, used 196947K [0x0000000600000000, 0x0000000800000000)
  region size 4096K, 4 young (16384K), 4 survivors (16384K)
 Metaspace       used 110317K, committed 112960K, reserved 1179648K
  class space    used 15739K, committed 17024K, reserved 1048576K
}
Event: 90.711 GC heap before
{Heap before GC invocations=67 (full 0):
 garbage-first heap   total 323584K, used 287059K [0x0000000600000000, 0x0000000800000000)
  region size 4096K, 27 young (110592K), 4 survivors (16384K)
 Metaspace       used 110320K, committed 112960K, reserved 1179648K
  class space    used 15739K, committed 17024K, reserved 1048576K
}
Event: 90.725 GC heap after
{Heap after GC invocations=68 (full 0):
 garbage-first heap   total 323584K, used 199201K [0x0000000600000000, 0x0000000800000000)
  region size 4096K, 2 young (8192K), 2 survivors (8192K)
 Metaspace       used 110320K, committed 112960K, reserved 1179648K
  class space    used 15739K, committed 17024K, reserved 1048576K
}
Event: 96.110 GC heap before
{Heap before GC invocations=68 (full 0):
 garbage-first heap   total 323584K, used 293409K [0x0000000600000000, 0x0000000800000000)
  region size 4096K, 25 young (102400K), 2 survivors (8192K)
 Metaspace       used 110712K, committed 113472K, reserved 1179648K
  class space    used 15780K, committed 17088K, reserved 1048576K
}
Event: 96.132 GC heap after
{Heap after GC invocations=69 (full 0):
 garbage-first heap   total 323584K, used 209598K [0x0000000600000000, 0x0000000800000000)
  region size 4096K, 4 young (16384K), 4 survivors (16384K)
 Metaspace       used 110712K, committed 113472K, reserved 1179648K
  class space    used 15780K, committed 17088K, reserved 1048576K
}

