# JRE version: OpenJDK Runtime Environment Temurin-21.0.10+7 (21.0.10+7) (build 21.0.10+7-LTS)
# Java VM: OpenJDK 64-Bit Server VM Temurin-21.0.10+7 (21.0.10+7-LTS, mixed mode, sharing, tiered, compressed oops, compressed class ptrs, g1 gc, windows-amd64)
GC Precious Log:
 CardTable entry size: 512
 Card Set container configuration: InlinePtr #cards 4 size 8 Array Of Cards #cards 32 size 80 Howl #buckets 8 coarsen threshold 7372 Howl Bitmap #cards 1024 size 144 coarsen threshold 921 Card regions per heap region 1 cards per card region 8192
 CPUs: 8 total, 8 available
 Memory: 7934M
 Large Page Support: Disabled
 NUMA Support: Disabled
 Compressed Oops: Enabled (Zero based)
 Heap Region Size: 4M
 Heap Min Capacity: 8M
 Heap Initial Capacity: 124M
 Heap Max Capacity: 8G
 Pre-touch: Disabled
 Parallel Workers: 8
 Concurrent Workers: 2
 Concurrent Refinement Workers: 8
 Periodic GC: Disabled
Heap:
 garbage-first heap   total 356352K, used 283700K [0x0000000600000000, 0x0000000800000000)
  region size 4096K, 22 young (90112K), 3 survivors (12288K)
 Metaspace       used 110736K, committed 113472K, reserved 1179648K
  class space    used 15780K, committed 17088K, reserved 1048576K
GC Heap History (20 events):
Event: 63.012 GC heap before
{Heap before GC invocations=59 (full 0):
 garbage-first heap   total 286720K, used 246008K [0x0000000600000000, 0x0000000800000000)
  region size 4096K, 27 young (110592K), 3 survivors (12288K)
 Metaspace       used 108242K, committed 110784K, reserved 1179648K
  class space    used 15483K, committed 16704K, reserved 1048576K
}
Event: 63.021 GC heap after
{Heap after GC invocations=60 (full 0):
 garbage-first heap   total 286720K, used 157081K [0x0000000600000000, 0x0000000800000000)
  region size 4096K, 2 young (8192K), 2 survivors (8192K)
 Metaspace       used 108242K, committed 110784K, reserved 1179648K
  class space    used 15483K, committed 16704K, reserved 1048576K
}
Event: 65.471 GC heap before
{Heap before GC invocations=60 (full 0):
 garbage-first heap   total 286720K, used 251289K [0x0000000600000000, 0x0000000800000000)
  region size 4096K, 26 young (106496K), 2 survivors (8192K)
 Metaspace       used 108493K, committed 111104K, reserved 1179648K
  class space    used 15505K, committed 16768K, reserved 1048576K
}
Event: 65.483 GC heap after
{Heap after GC invocations=61 (full 0):
 garbage-first heap   total 286720K, used 162061K [0x0000000600000000, 0x0000000800000000)
  region size 4096K, 3 young (12288K), 3 survivors (12288K)
 Metaspace       used 108493K, committed 111104K, reserved 1179648K
  class space    used 15505K, committed 16768K, reserved 1048576K
}
Event: 67.487 GC heap before
{Heap before GC invocations=61 (full 0):
 garbage-first heap   total 286720K, used 252173K [0x0000000600000000, 0x0000000800000000)
  region size 4096K, 26 young (106496K), 3 survivors (12288K)
 Metaspace       used 108496K, committed 111104K, reserved 1179648K
  class space    used 15505K, committed 16768K, reserved 1048576K
}
Event: 67.496 GC heap after
{Heap after GC invocations=62 (full 0):
 garbage-first heap   total 286720K, used 164789K [0x0000000600000000, 0x0000000800000000)
  region size 4096K, 3 young (12288K), 3 survivors (12288K)
 Metaspace       used 108496K, committed 111104K, reserved 1179648K
  class space    used 15505K, committed 16768K, reserved 1048576K
}
Event: 69.487 GC heap before
{Heap before GC invocations=63 (full 0):
 garbage-first heap   total 286720K, used 258997K [0x0000000600000000, 0x0000000800000000)
  region size 4096K, 26 young (106496K), 3 survivors (12288K)
 Metaspace       used 109869K, committed 112448K, reserved 1179648K
  class space    used 15687K, committed 16960K, reserved 1048576K
}
Event: 69.501 GC heap after
{Heap after GC invocations=64 (full 0):
 garbage-first heap   total 290816K, used 183794K [0x0000000600000000, 0x0000000800000000)
  region size 4096K, 4 young (16384K), 4 survivors (16384K)
 Metaspace       used 109869K, committed 112448K, reserved 1179648K
  class space    used 15687K, committed 16960K, reserved 1048576K
}
Event: 70.945 GC heap before
{Heap before GC invocations=64 (full 0):
 garbage-first heap   total 290816K, used 253426K [0x0000000600000000, 0x0000000800000000)
  region size 4096K, 22 young (90112K), 4 survivors (16384K)
 Metaspace       used 109869K, committed 112448K, reserved 1179648K
  class space    used 15687K, committed 16960K, reserved 1048576K
}
Event: 70.960 GC heap after
{Heap after GC invocations=65 (full 0):
 garbage-first heap   total 290816K, used 183322K [0x0000000600000000, 0x0000000800000000)
  region size 4096K, 1 young (4096K), 1 survivors (4096K)
 Metaspace       used 109869K, committed 112448K, reserved 1179648K
  class space    used 15687K, committed 16960K, reserved 1048576K
}
Event: 72.671 GC heap before
{Heap before GC invocations=65 (full 0):
 garbage-first heap   total 290816K, used 261146K [0x0000000600000000, 0x0000000800000000)
  region size 4096K, 20 young (81920K), 1 survivors (4096K)
 Metaspace       used 110027K, committed 112576K, reserved 1179648K
  class space    used 15703K, committed 16960K, reserved 1048576K
}
Event: 72.679 GC heap after
{Heap after GC invocations=66 (full 0):
 garbage-first heap   total 290816K, used 188208K [0x0000000600000000, 0x0000000800000000)
  region size 4096K, 3 young (12288K), 3 survivors (12288K)
 Metaspace       used 110027K, committed 112576K, reserved 1179648K
  class space    used 15703K, committed 16960K, reserved 1048576K
}
Event: 74.043 GC heap before
{Heap before GC invocations=67 (full 0):
 garbage-first heap   total 323584K, used 257840K [0x0000000600000000, 0x0000000800000000)
  region size 4096K, 21 young (86016K), 3 survivors (12288K)
 Metaspace       used 110034K, committed 112576K, reserved 1179648K
  class space    used 15703K, committed 16960K, reserved 1048576K
}
Event: 74.050 GC heap after
{Heap after GC invocations=68 (full 0):
 garbage-first heap   total 323584K, used 189895K [0x0000000600000000, 0x0000000800000000)
  region size 4096K, 1 young (4096K), 1 survivors (4096K)
 Metaspace       used 110034K, committed 112576K, reserved 1179648K
  class space    used 15703K, committed 16960K, reserved 1048576K
}
Event: 75.962 GC heap before
{Heap before GC invocations=68 (full 0):
 garbage-first heap   total 323584K, used 296391K [0x0000000600000000, 0x0000000800000000)
  region size 4096K, 27 young (110592K), 1 survivors (4096K)
 Metaspace       used 110222K, committed 112832K, reserved 1179648K
  class space    used 15730K, committed 17024K, reserved 1048576K
}
Event: 75.976 GC heap after
{Heap after GC invocations=69 (full 0):
 garbage-first heap   total 323584K, used 196564K [0x0000000600000000, 0x0000000800000000)
  region size 4096K, 3 young (12288K), 3 survivors (12288K)
 Metaspace       used 110222K, committed 112832K, reserved 1179648K
  class space    used 15730K, committed 17024K, reserved 1048576K
}
Event: 78.458 GC heap before
{Heap before GC invocations=69 (full 0):
 garbage-first heap   total 323584K, used 290772K [0x0000000600000000, 0x0000000800000000)
  region size 4096K, 27 young (110592K), 3 survivors (12288K)
 Metaspace       used 110512K, committed 113152K, reserved 1179648K
  class space    used 15760K, committed 17024K, reserved 1048576K
}
Event: 78.474 GC heap after
{Heap after GC invocations=70 (full 0):
 garbage-first heap   total 323584K, used 207804K [0x0000000600000000, 0x0000000800000000)
  region size 4096K, 4 young (16384K), 4 survivors (16384K)
 Metaspace       used 110512K, committed 113152K, reserved 1179648K
  class space    used 15760K, committed 17024K, reserved 1048576K
}
Event: 80.619 GC heap before
{Heap before GC invocations=71 (full 0):
 garbage-first heap   total 356352K, used 285628K [0x0000000600000000, 0x0000000800000000)
  region size 4096K, 24 young (98304K), 4 survivors (16384K)
 Metaspace       used 110735K, committed 113472K, reserved 1179648K
  class space    used 15780K, committed 17088K, reserved 1048576K
}
Event: 80.633 GC heap after
{Heap after GC invocations=72 (full 0):
 garbage-first heap   total 356352K, used 214068K [0x0000000600000000, 0x0000000800000000)
  region size 4096K, 3 young (12288K), 3 survivors (12288K)
 Metaspace       used 110735K, committed 113472K, reserved 1179648K
  class space    used 15780K, committed 17088K, reserved 1048576K
}

