# JRE version: OpenJDK Runtime Environment Temurin-21.0.10+7 (21.0.10+7) (build 21.0.10+7-LTS)
# Java VM: OpenJDK 64-Bit Server VM Temurin-21.0.10+7 (21.0.10+7-LTS, mixed mode, sharing, tiered, compressed oops, compressed class ptrs, g1 gc, windows-amd64)
GC Precious Log:
 CardTable entry size: 512
 Card Set container configuration: InlinePtr #cards 5 size 8 Array Of Cards #cards 12 size 40 Howl #buckets 4 coarsen threshold 1843 Howl Bitmap #cards 512 size 80 coarsen threshold 460 Card regions per heap region 1 cards per card region 2048
 CPUs: 8 total, 8 available
 Memory: 7934M
 Large Page Support: Disabled
 NUMA Support: Disabled
 Compressed Oops: Enabled (32-bit)
 Heap Region Size: 1M
 Heap Min Capacity: 8M
 Heap Initial Capacity: 124M
 Heap Max Capacity: 1984M
 Pre-touch: Disabled
 Parallel Workers: 8
 Concurrent Workers: 2
 Concurrent Refinement Workers: 8
 Periodic GC: Disabled
Heap:
 garbage-first heap   total 130048K, used 95576K [0x0000000084000000, 0x0000000100000000)
  region size 1024K, 25 young (25600K), 6 survivors (6144K)
 Metaspace       used 56759K, committed 57664K, reserved 1114112K
  class space    used 6558K, committed 6976K, reserved 1048576K
GC Heap History (20 events):
Event: 4.231 GC heap before
{Heap before GC invocations=2 (full 0):
 garbage-first heap   total 126976K, used 86955K [0x0000000084000000, 0x0000000100000000)
  region size 1024K, 69 young (70656K), 2 survivors (2048K)
 Metaspace       used 21263K, committed 21504K, reserved 1114112K
  class space    used 2715K, committed 2816K, reserved 1048576K
}
Event: 4.289 GC heap after
{Heap after GC invocations=3 (full 0):
 garbage-first heap   total 126976K, used 27648K [0x0000000084000000, 0x0000000100000000)
  region size 1024K, 10 young (10240K), 10 survivors (10240K)
 Metaspace       used 21263K, committed 21504K, reserved 1114112K
  class space    used 2715K, committed 2816K, reserved 1048576K
}
Event: 5.786 GC heap before
{Heap before GC invocations=4 (full 0):
 garbage-first heap   total 89088K, used 89088K [0x0000000084000000, 0x0000000100000000)
  region size 1024K, 60 young (61440K), 10 survivors (10240K)
 Metaspace       used 31186K, committed 31424K, reserved 1114112K
  class space    used 3934K, committed 4032K, reserved 1048576K
}
Event: 5.821 GC heap after
{Heap after GC invocations=5 (full 0):
 garbage-first heap   total 106496K, used 44544K [0x0000000084000000, 0x0000000100000000)
  region size 1024K, 7 young (7168K), 7 survivors (7168K)
 Metaspace       used 31186K, committed 31424K, reserved 1114112K
  class space    used 3934K, committed 4032K, reserved 1048576K
}
Event: 6.551 GC heap before
{Heap before GC invocations=5 (full 0):
 garbage-first heap   total 106496K, used 70144K [0x0000000084000000, 0x0000000100000000)
  region size 1024K, 33 young (33792K), 7 survivors (7168K)
 Metaspace       used 35156K, committed 35968K, reserved 1114112K
  class space    used 4452K, committed 4864K, reserved 1048576K
}
Event: 6.568 GC heap after
{Heap after GC invocations=6 (full 0):
 garbage-first heap   total 106496K, used 47104K [0x0000000084000000, 0x0000000100000000)
  region size 1024K, 3 young (3072K), 3 survivors (3072K)
 Metaspace       used 35156K, committed 35968K, reserved 1114112K
  class space    used 4452K, committed 4864K, reserved 1048576K
}
Event: 6.655 GC heap before
{Heap before GC invocations=6 (full 0):
 garbage-first heap   total 106496K, used 48128K [0x0000000084000000, 0x0000000100000000)
  region size 1024K, 5 young (5120K), 3 survivors (3072K)
 Metaspace       used 35524K, committed 36288K, reserved 1114112K
  class space    used 4497K, committed 4864K, reserved 1048576K
}
Event: 6.661 GC heap after
{Heap after GC invocations=7 (full 0):
 garbage-first heap   total 106496K, used 46592K [0x0000000084000000, 0x0000000100000000)
  region size 1024K, 2 young (2048K), 2 survivors (2048K)
 Metaspace       used 35524K, committed 36288K, reserved 1114112K
  class space    used 4497K, committed 4864K, reserved 1048576K
}
Event: 7.645 GC heap before
{Heap before GC invocations=8 (full 0):
 garbage-first heap   total 106496K, used 88576K [0x0000000084000000, 0x0000000100000000)
  region size 1024K, 42 young (43008K), 2 survivors (2048K)
 Metaspace       used 41135K, committed 41920K, reserved 1114112K
  class space    used 5135K, committed 5504K, reserved 1048576K
}
Event: 7.656 GC heap after
{Heap after GC invocations=9 (full 0):
 garbage-first heap   total 106496K, used 51368K [0x0000000084000000, 0x0000000100000000)
  region size 1024K, 6 young (6144K), 6 survivors (6144K)
 Metaspace       used 41135K, committed 41920K, reserved 1114112K
  class space    used 5135K, committed 5504K, reserved 1048576K
}
Event: 8.530 GC heap before
{Heap before GC invocations=9 (full 0):
 garbage-first heap   total 106496K, used 89256K [0x0000000084000000, 0x0000000100000000)
  region size 1024K, 43 young (44032K), 6 survivors (6144K)
 Metaspace       used 46657K, committed 47488K, reserved 1114112K
  class space    used 5808K, committed 6208K, reserved 1048576K
}
Event: 8.547 GC heap after
{Heap after GC invocations=10 (full 0):
 garbage-first heap   total 106496K, used 53468K [0x0000000084000000, 0x0000000100000000)
  region size 1024K, 3 young (3072K), 3 survivors (3072K)
 Metaspace       used 46657K, committed 47488K, reserved 1114112K
  class space    used 5808K, committed 6208K, reserved 1048576K
}
Event: 10.022 GC heap before
{Heap before GC invocations=10 (full 0):
 garbage-first heap   total 106496K, used 91356K [0x0000000084000000, 0x0000000100000000)
  region size 1024K, 40 young (40960K), 3 survivors (3072K)
 Metaspace       used 50098K, committed 50944K, reserved 1114112K
  class space    used 6071K, committed 6464K, reserved 1048576K
}
Event: 10.044 GC heap after
{Heap after GC invocations=11 (full 0):
 garbage-first heap   total 128000K, used 60279K [0x0000000084000000, 0x0000000100000000)
  region size 1024K, 5 young (5120K), 5 survivors (5120K)
 Metaspace       used 50098K, committed 50944K, reserved 1114112K
  class space    used 6071K, committed 6464K, reserved 1048576K
}
Event: 12.816 GC heap before
{Heap before GC invocations=12 (full 0):
 garbage-first heap   total 128000K, used 107383K [0x0000000084000000, 0x0000000100000000)
  region size 1024K, 51 young (52224K), 5 survivors (5120K)
 Metaspace       used 54094K, committed 54912K, reserved 1114112K
  class space    used 6478K, committed 6848K, reserved 1048576K
}
Event: 12.839 GC heap after
{Heap after GC invocations=13 (full 0):
 garbage-first heap   total 128000K, used 66382K [0x0000000084000000, 0x0000000100000000)
  region size 1024K, 6 young (6144K), 6 survivors (6144K)
 Metaspace       used 54094K, committed 54912K, reserved 1114112K
  class space    used 6478K, committed 6848K, reserved 1048576K
}
Event: 15.725 GC heap before
{Heap before GC invocations=13 (full 0):
 garbage-first heap   total 128000K, used 110414K [0x0000000084000000, 0x0000000100000000)
  region size 1024K, 48 young (49152K), 6 survivors (6144K)
 Metaspace       used 55683K, committed 56512K, reserved 1114112K
  class space    used 6531K, committed 6912K, reserved 1048576K
}
Event: 15.747 GC heap after
{Heap after GC invocations=14 (full 0):
 garbage-first heap   total 128000K, used 71625K [0x0000000084000000, 0x0000000100000000)
  region size 1024K, 6 young (6144K), 6 survivors (6144K)
 Metaspace       used 55683K, committed 56512K, reserved 1114112K
  class space    used 6531K, committed 6912K, reserved 1048576K
}
Event: 17.240 GC heap before
{Heap before GC invocations=14 (full 0):
 garbage-first heap   total 128000K, used 111561K [0x0000000084000000, 0x0000000100000000)
  region size 1024K, 45 young (46080K), 6 survivors (6144K)
 Metaspace       used 56462K, committed 57280K, reserved 1114112K
  class space    used 6552K, committed 6976K, reserved 1048576K
}
Event: 17.256 GC heap after
{Heap after GC invocations=15 (full 0):
 garbage-first heap   total 128000K, used 77144K [0x0000000084000000, 0x0000000100000000)
  region size 1024K, 6 young (6144K), 6 survivors (6144K)
 Metaspace       used 56462K, committed 57280K, reserved 1114112K
  class space    used 6552K, committed 6976K, reserved 1048576K
}

