# JRE version: OpenJDK Runtime Environment Temurin-21.0.10+7 (21.0.10+7) (build 21.0.10+7-LTS)
# Java VM: OpenJDK 64-Bit Server VM Temurin-21.0.10+7 (21.0.10+7-LTS, mixed mode, sharing, tiered, compressed oops, compressed class ptrs, g1 gc, windows-amd64)
GC Precious Log:
 CardTable entry size: 512
 Card Set container configuration: InlinePtr #cards 5 size 8 Array Of Cards #cards 12 size 40 Howl #buckets 4 coarsen threshold 1843 Howl Bitmap #cards 512 size 80 coarsen threshold 460 Card regions per heap region 1 cards per card region 2048
 CPUs: 8 total, 8 available
 Memory: 7934M
 Large Page Support: Disabled
 NUMA Support: Disabled
 Compressed Oops: Enabled (32-bit)
 Heap Region Size: 1M
 Heap Min Capacity: 8M
 Heap Initial Capacity: 124M
 Heap Max Capacity: 1536M
 Pre-touch: Disabled
 Parallel Workers: 8
 Concurrent Workers: 2
 Concurrent Refinement Workers: 8
 Periodic GC: Disabled
Heap:
 garbage-first heap   total 93184K, used 68769K [0x00000000a0000000, 0x0000000100000000)
  region size 1024K, 34 young (34816K), 4 survivors (4096K)
 Metaspace       used 45938K, committed 47552K, reserved 1114112K
  class space    used 6696K, committed 7488K, reserved 1048576K
GC Heap History (18 events):
Event: 1.350 GC heap before
{Heap before GC invocations=0 (full 0):
 garbage-first heap   total 126976K, used 26624K [0x00000000a0000000, 0x0000000100000000)
  region size 1024K, 23 young (23552K), 0 survivors (0K)
 Metaspace       used 1118K, committed 1216K, reserved 1114112K
  class space    used 80K, committed 128K, reserved 1048576K
}
Event: 1.365 GC heap after
{Heap after GC invocations=1 (full 0):
 garbage-first heap   total 126976K, used 10208K [0x00000000a0000000, 0x0000000100000000)
  region size 1024K, 3 young (3072K), 3 survivors (3072K)
 Metaspace       used 1118K, committed 1216K, reserved 1114112K
  class space    used 80K, committed 128K, reserved 1048576K
}
Event: 3.318 GC heap before
{Heap before GC invocations=1 (full 0):
 garbage-first heap   total 126976K, used 40928K [0x00000000a0000000, 0x0000000100000000)
  region size 1024K, 33 young (33792K), 3 survivors (3072K)
 Metaspace       used 4311K, committed 4480K, reserved 1114112K
  class space    used 546K, committed 640K, reserved 1048576K
}
Event: 3.327 GC heap after
{Heap after GC invocations=2 (full 0):
 garbage-first heap   total 126976K, used 12394K [0x00000000a0000000, 0x0000000100000000)
  region size 1024K, 2 young (2048K), 2 survivors (2048K)
 Metaspace       used 4311K, committed 4480K, reserved 1114112K
  class space    used 546K, committed 640K, reserved 1048576K
}
Event: 6.314 GC heap before
{Heap before GC invocations=2 (full 0):
 garbage-first heap   total 126976K, used 87146K [0x00000000a0000000, 0x0000000100000000)
  region size 1024K, 74 young (75776K), 2 survivors (2048K)
 Metaspace       used 12831K, committed 13184K, reserved 1114112K
  class space    used 1749K, committed 1920K, reserved 1048576K
}
Event: 6.321 GC heap after
{Heap after GC invocations=3 (full 0):
 garbage-first heap   total 126976K, used 21695K [0x00000000a0000000, 0x0000000100000000)
  region size 1024K, 10 young (10240K), 10 survivors (10240K)
 Metaspace       used 12831K, committed 13184K, reserved 1114112K
  class space    used 1749K, committed 1920K, reserved 1048576K
}
Event: 8.858 GC heap before
{Heap before GC invocations=3 (full 0):
 garbage-first heap   total 126976K, used 76991K [0x00000000a0000000, 0x0000000100000000)
  region size 1024K, 65 young (66560K), 10 survivors (10240K)
 Metaspace       used 20865K, committed 21504K, reserved 1114112K
  class space    used 3076K, committed 3392K, reserved 1048576K
}
Event: 8.869 GC heap after
{Heap after GC invocations=4 (full 0):
 garbage-first heap   total 126976K, used 25581K [0x00000000a0000000, 0x0000000100000000)
  region size 1024K, 4 young (4096K), 4 survivors (4096K)
 Metaspace       used 20865K, committed 21504K, reserved 1114112K
  class space    used 3076K, committed 3392K, reserved 1048576K
}
Event: 10.822 GC heap before
{Heap before GC invocations=5 (full 0):
 garbage-first heap   total 86016K, used 85997K [0x00000000a0000000, 0x0000000100000000)
  region size 1024K, 63 young (64512K), 4 survivors (4096K)
 Metaspace       used 28646K, committed 29824K, reserved 1114112K
  class space    used 4380K, committed 4992K, reserved 1048576K
}
Event: 10.831 GC heap after
{Heap after GC invocations=6 (full 0):
 garbage-first heap   total 93184K, used 28672K [0x00000000a0000000, 0x0000000100000000)
  region size 1024K, 7 young (7168K), 7 survivors (7168K)
 Metaspace       used 28646K, committed 29824K, reserved 1114112K
  class space    used 4380K, committed 4992K, reserved 1048576K
}
Event: 12.090 GC heap before
{Heap before GC invocations=6 (full 0):
 garbage-first heap   total 93184K, used 58368K [0x00000000a0000000, 0x0000000100000000)
  region size 1024K, 38 young (38912K), 7 survivors (7168K)
 Metaspace       used 34749K, committed 35968K, reserved 1114112K
  class space    used 5152K, committed 5760K, reserved 1048576K
}
Event: 12.099 GC heap after
{Heap after GC invocations=7 (full 0):
 garbage-first heap   total 93184K, used 32306K [0x00000000a0000000, 0x0000000100000000)
  region size 1024K, 7 young (7168K), 7 survivors (7168K)
 Metaspace       used 34749K, committed 35968K, reserved 1114112K
  class space    used 5152K, committed 5760K, reserved 1048576K
}
Event: 12.130 GC heap before
{Heap before GC invocations=7 (full 0):
 garbage-first heap   total 93184K, used 32306K [0x00000000a0000000, 0x0000000100000000)
  region size 1024K, 8 young (8192K), 7 survivors (7168K)
 Metaspace       used 35021K, committed 36288K, reserved 1114112K
  class space    used 5167K, committed 5824K, reserved 1048576K
}
Event: 12.136 GC heap after
{Heap after GC invocations=8 (full 0):
 garbage-first heap   total 93184K, used 33156K [0x00000000a0000000, 0x0000000100000000)
  region size 1024K, 2 young (2048K), 2 survivors (2048K)
 Metaspace       used 35021K, committed 36288K, reserved 1114112K
  class space    used 5167K, committed 5824K, reserved 1048576K
}
Event: 14.070 GC heap before
{Heap before GC invocations=9 (full 0):
 garbage-first heap   total 93184K, used 82308K [0x00000000a0000000, 0x0000000100000000)
  region size 1024K, 46 young (47104K), 2 survivors (2048K)
 Metaspace       used 38262K, committed 39616K, reserved 1114112K
  class space    used 5544K, committed 6208K, reserved 1048576K
}
Event: 14.075 GC heap after
{Heap after GC invocations=10 (full 0):
 garbage-first heap   total 93184K, used 36625K [0x00000000a0000000, 0x0000000100000000)
  region size 1024K, 5 young (5120K), 5 survivors (5120K)
 Metaspace       used 38262K, committed 39616K, reserved 1114112K
  class space    used 5544K, committed 6208K, reserved 1048576K
}
Event: 16.054 GC heap before
{Heap before GC invocations=10 (full 0):
 garbage-first heap   total 93184K, used 80657K [0x00000000a0000000, 0x0000000100000000)
  region size 1024K, 47 young (48128K), 5 survivors (5120K)
 Metaspace       used 42848K, committed 44288K, reserved 1114112K
  class space    used 6166K, committed 6848K, reserved 1048576K
}
Event: 16.061 GC heap after
{Heap after GC invocations=11 (full 0):
 garbage-first heap   total 93184K, used 39073K [0x00000000a0000000, 0x0000000100000000)
  region size 1024K, 4 young (4096K), 4 survivors (4096K)
 Metaspace       used 42848K, committed 44288K, reserved 1114112K
  class space    used 6166K, committed 6848K, reserved 1048576K
}

