# JRE version: OpenJDK Runtime Environment Temurin-21.0.10+7 (21.0.10+7) (build 21.0.10+7-LTS)
# Java VM: OpenJDK 64-Bit Server VM Temurin-21.0.10+7 (21.0.10+7-LTS, mixed mode, sharing, tiered, compressed oops, compressed class ptrs, parallel gc, windows-amd64)
GC Precious Log:
 CardTable entry size: 512
 CPUs: 8 total, 8 available
 Memory: 7934M
 Large Page Support: Disabled
 NUMA Support: Disabled
 Compressed Oops: Enabled (32-bit)
 Alignments: Space 512K, Generation 512K, Heap 2M
 Heap Min Capacity: 100M
 Heap Initial Capacity: 100M
 Heap Max Capacity: 2G
 Pre-touch: Disabled
 Parallel Workers: 8
Heap:
 PSYoungGen      total 6656K, used 6646K [0x00000000d5580000, 0x00000000d6000000, 0x0000000100000000)
  eden space 5632K, 100% used [0x00000000d5580000,0x00000000d5b00000,0x00000000d5b00000)
  from space 1024K, 99% used [0x00000000d5f00000,0x00000000d5ffd808,0x00000000d6000000)
  to   space 2048K, 0% used [0x00000000d5c00000,0x00000000d5c00000,0x00000000d5e00000)
 ParOldGen       total 589824K, used 589629K [0x0000000080000000, 0x00000000a4000000, 0x00000000d5580000)
  object space 589824K, 99% used [0x0000000080000000,0x00000000a3fcf5e8,0x00000000a4000000)
 Metaspace       used 97678K, committed 99648K, reserved 1179648K
  class space    used 13098K, committed 14016K, reserved 1048576K
GC Heap History (20 events):
Event: 181.395 GC heap before
{Heap before GC invocations=4034 (full 5):
 PSYoungGen      total 6144K, used 5952K [0x00000000d5580000, 0x00000000d6100000, 0x0000000100000000)
  eden space 5632K, 100% used [0x00000000d5580000,0x00000000d5b00000,0x00000000d5b00000)
  from space 512K, 62% used [0x00000000d6080000,0x00000000d60d0000,0x00000000d6100000)
  to   space 512K, 0% used [0x00000000d6000000,0x00000000d6000000,0x00000000d6080000)
 ParOldGen       total 587776K, used 587490K [0x0000000080000000, 0x00000000a3e00000, 0x00000000d5580000)
  object space 587776K, 99% used [0x0000000080000000,0x00000000a3db8a80,0x00000000a3e00000)
 Metaspace       used 96109K, committed 98112K, reserved 1179648K
  class space    used 12821K, committed 13760K, reserved 1048576K
}
Event: 181.398 GC heap after
{Heap after GC invocations=4034 (full 5):
 PSYoungGen      total 6144K, used 336K [0x00000000d5580000, 0x00000000d6100000, 0x0000000100000000)
  eden space 5632K, 0% used [0x00000000d5580000,0x00000000d5580000,0x00000000d5b00000)
  from space 512K, 65% used [0x00000000d6000000,0x00000000d6054010,0x00000000d6080000)
  to   space 512K, 0% used [0x00000000d6080000,0x00000000d6080000,0x00000000d6100000)
 ParOldGen       total 587776K, used 587682K [0x0000000080000000, 0x00000000a3e00000, 0x00000000d5580000)
  object space 587776K, 99% used [0x0000000080000000,0x00000000a3de8a80,0x00000000a3e00000)
 Metaspace       used 96109K, committed 98112K, reserved 1179648K
  class space    used 12821K, committed 13760K, reserved 1048576K
}
Event: 181.574 GC heap before
{Heap before GC invocations=4035 (full 5):
 PSYoungGen      total 6144K, used 5968K [0x00000000d5580000, 0x00000000d6100000, 0x0000000100000000)
  eden space 5632K, 100% used [0x00000000d5580000,0x00000000d5b00000,0x00000000d5b00000)
  from space 512K, 65% used [0x00000000d6000000,0x00000000d6054010,0x00000000d6080000)
  to   space 512K, 0% used [0x00000000d6080000,0x00000000d6080000,0x00000000d6100000)
 ParOldGen       total 587776K, used 587682K [0x0000000080000000, 0x00000000a3e00000, 0x00000000d5580000)
  object space 587776K, 99% used [0x0000000080000000,0x00000000a3de8a80,0x00000000a3e00000)
 Metaspace       used 96424K, committed 98432K, reserved 1179648K
  class space    used 12875K, committed 13824K, reserved 1048576K
}
Event: 181.577 GC heap after
{Heap after GC invocations=4035 (full 5):
 PSYoungGen      total 6144K, used 464K [0x00000000d5580000, 0x00000000d6100000, 0x0000000100000000)
  eden space 5632K, 0% used [0x00000000d5580000,0x00000000d5580000,0x00000000d5b00000)
  from space 512K, 90% used [0x00000000d6080000,0x00000000d60f4010,0x00000000d6100000)
  to   space 512K, 0% used [0x00000000d6000000,0x00000000d6000000,0x00000000d6080000)
 ParOldGen       total 587776K, used 587682K [0x0000000080000000, 0x00000000a3e00000, 0x00000000d5580000)
  object space 587776K, 99% used [0x0000000080000000,0x00000000a3de8a80,0x00000000a3e00000)
 Metaspace       used 96424K, committed 98432K, reserved 1179648K
  class space    used 12875K, committed 13824K, reserved 1048576K
}
Event: 181.773 GC heap before
{Heap before GC invocations=4036 (full 5):
 PSYoungGen      total 6144K, used 6096K [0x00000000d5580000, 0x00000000d6100000, 0x0000000100000000)
  eden space 5632K, 100% used [0x00000000d5580000,0x00000000d5b00000,0x00000000d5b00000)
  from space 512K, 90% used [0x00000000d6080000,0x00000000d60f4010,0x00000000d6100000)
  to   space 512K, 0% used [0x00000000d6000000,0x00000000d6000000,0x00000000d6080000)
 ParOldGen       total 587776K, used 587682K [0x0000000080000000, 0x00000000a3e00000, 0x00000000d5580000)
  object space 587776K, 99% used [0x0000000080000000,0x00000000a3de8a80,0x00000000a3e00000)
 Metaspace       used 96716K, committed 98752K, reserved 1179648K
  class space    used 12920K, committed 13888K, reserved 1048576K
}
Event: 181.775 GC heap after
{Heap after GC invocations=4036 (full 5):
 PSYoungGen      total 6144K, used 464K [0x00000000d5580000, 0x00000000d6100000, 0x0000000100000000)
  eden space 5632K, 0% used [0x00000000d5580000,0x00000000d5580000,0x00000000d5b00000)
  from space 512K, 90% used [0x00000000d6000000,0x00000000d6074010,0x00000000d6080000)
  to   space 512K, 0% used [0x00000000d6080000,0x00000000d6080000,0x00000000d6100000)
 ParOldGen       total 587776K, used 587682K [0x0000000080000000, 0x00000000a3e00000, 0x00000000d5580000)
  object space 587776K, 99% used [0x0000000080000000,0x00000000a3de8a80,0x00000000a3e00000)
 Metaspace       used 96716K, committed 98752K, reserved 1179648K
  class space    used 12920K, committed 13888K, reserved 1048576K
}
Event: 181.907 GC heap before
{Heap before GC invocations=4037 (full 5):
 PSYoungGen      total 6144K, used 6096K [0x00000000d5580000, 0x00000000d6100000, 0x0000000100000000)
  eden space 5632K, 100% used [0x00000000d5580000,0x00000000d5b00000,0x00000000d5b00000)
  from space 512K, 90% used [0x00000000d6000000,0x00000000d6074010,0x00000000d6080000)
  to   space 512K, 0% used [0x00000000d6080000,0x00000000d6080000,0x00000000d6100000)
 ParOldGen       total 587776K, used 587682K [0x0000000080000000, 0x00000000a3e00000, 0x00000000d5580000)
  object space 587776K, 99% used [0x0000000080000000,0x00000000a3de8a80,0x00000000a3e00000)
 Metaspace       used 96787K, committed 98816K, reserved 1179648K
  class space    used 12936K, committed 13888K, reserved 1048576K
}
Event: 181.909 GC heap after
{Heap after GC invocations=4037 (full 5):
 PSYoungGen      total 6144K, used 496K [0x00000000d5580000, 0x00000000d6100000, 0x0000000100000000)
  eden space 5632K, 0% used [0x00000000d5580000,0x00000000d5580000,0x00000000d5b00000)
  from space 512K, 96% used [0x00000000d6080000,0x00000000d60fc010,0x00000000d6100000)
  to   space 1024K, 0% used [0x00000000d5f00000,0x00000000d5f00000,0x00000000d6000000)
 ParOldGen       total 588288K, used 587854K [0x0000000080000000, 0x00000000a3e80000, 0x00000000d5580000)
  object space 588288K, 99% used [0x0000000080000000,0x00000000a3e13a48,0x00000000a3e80000)
 Metaspace       used 96787K, committed 98816K, reserved 1179648K
  class space    used 12936K, committed 13888K, reserved 1048576K
}
Event: 182.105 GC heap before
{Heap before GC invocations=4038 (full 5):
 PSYoungGen      total 6144K, used 6128K [0x00000000d5580000, 0x00000000d6100000, 0x0000000100000000)
  eden space 5632K, 100% used [0x00000000d5580000,0x00000000d5b00000,0x00000000d5b00000)
  from space 512K, 96% used [0x00000000d6080000,0x00000000d60fc010,0x00000000d6100000)
  to   space 1024K, 0% used [0x00000000d5f00000,0x00000000d5f00000,0x00000000d6000000)
 ParOldGen       total 588288K, used 587854K [0x0000000080000000, 0x00000000a3e80000, 0x00000000d5580000)
  object space 588288K, 99% used [0x0000000080000000,0x00000000a3e13a48,0x00000000a3e80000)
 Metaspace       used 97099K, committed 99136K, reserved 1179648K
  class space    used 12987K, committed 13952K, reserved 1048576K
}
Event: 182.108 GC heap after
{Heap after GC invocations=4038 (full 5):
 PSYoungGen      total 6656K, used 437K [0x00000000d5580000, 0x00000000d6100000, 0x0000000100000000)
  eden space 5632K, 0% used [0x00000000d5580000,0x00000000d5580000,0x00000000d5b00000)
  from space 1024K, 42% used [0x00000000d5f00000,0x00000000d5f6d4d0,0x00000000d6000000)
  to   space 1024K, 0% used [0x00000000d6000000,0x00000000d6000000,0x00000000d6100000)
 ParOldGen       total 588288K, used 588166K [0x0000000080000000, 0x00000000a3e80000, 0x00000000d5580000)
  object space 588288K, 99% used [0x0000000080000000,0x00000000a3e61a68,0x00000000a3e80000)
 Metaspace       used 97099K, committed 99136K, reserved 1179648K
  class space    used 12987K, committed 13952K, reserved 1048576K
}
Event: 182.302 GC heap before
{Heap before GC invocations=4039 (full 5):
 PSYoungGen      total 6656K, used 6069K [0x00000000d5580000, 0x00000000d6100000, 0x0000000100000000)
  eden space 5632K, 100% used [0x00000000d5580000,0x00000000d5b00000,0x00000000d5b00000)
  from space 1024K, 42% used [0x00000000d5f00000,0x00000000d5f6d4d0,0x00000000d6000000)
  to   space 1024K, 0% used [0x00000000d6000000,0x00000000d6000000,0x00000000d6100000)
 ParOldGen       total 588288K, used 588166K [0x0000000080000000, 0x00000000a3e80000, 0x00000000d5580000)
  object space 588288K, 99% used [0x0000000080000000,0x00000000a3e61a68,0x00000000a3e80000)
 Metaspace       used 97258K, committed 99264K, reserved 1179648K
  class space    used 13008K, committed 13952K, reserved 1048576K
}
Event: 182.304 GC heap after
{Heap after GC invocations=4039 (full 5):
 PSYoungGen      total 6144K, used 512K [0x00000000d5580000, 0x00000000d6080000, 0x0000000100000000)
  eden space 5632K, 0% used [0x00000000d5580000,0x00000000d5580000,0x00000000d5b00000)
  from space 512K, 100% used [0x00000000d6000000,0x00000000d6080000,0x00000000d6080000)
  to   space 1024K, 0% used [0x00000000d5e80000,0x00000000d5e80000,0x00000000d5f80000)
 ParOldGen       total 588288K, used 588166K [0x0000000080000000, 0x00000000a3e80000, 0x00000000d5580000)
  object space 588288K, 99% used [0x0000000080000000,0x00000000a3e61a68,0x00000000a3e80000)
 Metaspace       used 97258K, committed 99264K, reserved 1179648K
  class space    used 13008K, committed 13952K, reserved 1048576K
}
Event: 182.396 GC heap before
{Heap before GC invocations=4040 (full 5):
 PSYoungGen      total 6144K, used 6144K [0x00000000d5580000, 0x00000000d6080000, 0x0000000100000000)
  eden space 5632K, 100% used [0x00000000d5580000,0x00000000d5b00000,0x00000000d5b00000)
  from space 512K, 100% used [0x00000000d6000000,0x00000000d6080000,0x00000000d6080000)
  to   space 1024K, 0% used [0x00000000d5e80000,0x00000000d5e80000,0x00000000d5f80000)
 ParOldGen       total 588800K, used 588633K [0x0000000080000000, 0x00000000a3f00000, 0x00000000d5580000)
  object space 588800K, 99% used [0x0000000080000000,0x00000000a3ed6400,0x00000000a3f00000)
 Metaspace       used 97317K, committed 99328K, reserved 1179648K
  class space    used 13018K, committed 13952K, reserved 1048576K
}
Event: 182.397 GC heap after
{Heap after GC invocations=4040 (full 5):
 PSYoungGen      total 6656K, used 800K [0x00000000d5580000, 0x00000000d6080000, 0x0000000100000000)
  eden space 5632K, 0% used [0x00000000d5580000,0x00000000d5580000,0x00000000d5b00000)
  from space 1024K, 78% used [0x00000000d5e80000,0x00000000d5f48000,0x00000000d5f80000)
  to   space 1024K, 0% used [0x00000000d5f80000,0x00000000d5f80000,0x00000000d6080000)
 ParOldGen       total 588800K, used 588633K [0x0000000080000000, 0x00000000a3f00000, 0x00000000d5580000)
  object space 588800K, 99% used [0x0000000080000000,0x00000000a3ed6400,0x00000000a3f00000)
 Metaspace       used 97317K, committed 99328K, reserved 1179648K
  class space    used 13018K, committed 13952K, reserved 1048576K
}
Event: 182.428 GC heap before
{Heap before GC invocations=4041 (full 5):
 PSYoungGen      total 6656K, used 6431K [0x00000000d5580000, 0x00000000d6080000, 0x0000000100000000)
  eden space 5632K, 99% used [0x00000000d5580000,0x00000000d5affff8,0x00000000d5b00000)
  from space 1024K, 78% used [0x00000000d5e80000,0x00000000d5f48000,0x00000000d5f80000)
  to   space 1024K, 0% used [0x00000000d5f80000,0x00000000d5f80000,0x00000000d6080000)
 ParOldGen       total 588800K, used 588651K [0x0000000080000000, 0x00000000a3f00000, 0x00000000d5580000)
  object space 588800K, 99% used [0x0000000080000000,0x00000000a3edadc8,0x00000000a3f00000)
 Metaspace       used 97393K, committed 99392K, reserved 1179648K
  class space    used 13031K, committed 13952K, reserved 1048576K
}
Event: 182.431 GC heap after
{Heap after GC invocations=4041 (full 5):
 PSYoungGen      total 6656K, used 1019K [0x00000000d5580000, 0x00000000d6080000, 0x0000000100000000)
  eden space 5632K, 0% used [0x00000000d5580000,0x00000000d5580000,0x00000000d5b00000)
  from space 1024K, 99% used [0x00000000d5f80000,0x00000000d607ec08,0x00000000d6080000)
  to   space 1536K, 0% used [0x00000000d5d80000,0x00000000d5d80000,0x00000000d5f00000)
 ParOldGen       total 588800K, used 588763K [0x0000000080000000, 0x00000000a3f00000, 0x00000000d5580000)
  object space 588800K, 99% used [0x0000000080000000,0x00000000a3ef6dc8,0x00000000a3f00000)
 Metaspace       used 97393K, committed 99392K, reserved 1179648K
  class space    used 13031K, committed 13952K, reserved 1048576K
}
Event: 182.495 GC heap before
{Heap before GC invocations=4042 (full 5):
 PSYoungGen      total 6656K, used 6651K [0x00000000d5580000, 0x00000000d6080000, 0x0000000100000000)
  eden space 5632K, 100% used [0x00000000d5580000,0x00000000d5b00000,0x00000000d5b00000)
  from space 1024K, 99% used [0x00000000d5f80000,0x00000000d607ec08,0x00000000d6080000)
  to   space 1536K, 0% used [0x00000000d5d80000,0x00000000d5d80000,0x00000000d5f00000)
 ParOldGen       total 589312K, used 588906K [0x0000000080000000, 0x00000000a3f80000, 0x00000000d5580000)
  object space 589312K, 99% used [0x0000000080000000,0x00000000a3f1a8d0,0x00000000a3f80000)
 Metaspace       used 97455K, committed 99456K, reserved 1179648K
  class space    used 13044K, committed 14016K, reserved 1048576K
}
Event: 182.498 GC heap after
{Heap after GC invocations=4042 (full 5):
 PSYoungGen      total 7168K, used 1398K [0x00000000d5580000, 0x00000000d6000000, 0x0000000100000000)
  eden space 5632K, 0% used [0x00000000d5580000,0x00000000d5580000,0x00000000d5b00000)
  from space 1536K, 91% used [0x00000000d5d80000,0x00000000d5edd808,0x00000000d5f00000)
  to   space 1024K, 0% used [0x00000000d5f00000,0x00000000d5f00000,0x00000000d6000000)
 ParOldGen       total 589312K, used 589109K [0x0000000080000000, 0x00000000a3f80000, 0x00000000d5580000)
  object space 589312K, 99% used [0x0000000080000000,0x00000000a3f4d5e8,0x00000000a3f80000)
 Metaspace       used 97455K, committed 99456K, reserved 1179648K
  class space    used 13044K, committed 14016K, reserved 1048576K
}
Event: 182.560 GC heap before
{Heap before GC invocations=4043 (full 5):
 PSYoungGen      total 7168K, used 7030K [0x00000000d5580000, 0x00000000d6000000, 0x0000000100000000)
  eden space 5632K, 100% used [0x00000000d5580000,0x00000000d5b00000,0x00000000d5b00000)
  from space 1536K, 91% used [0x00000000d5d80000,0x00000000d5edd808,0x00000000d5f00000)
  to   space 1024K, 0% used [0x00000000d5f00000,0x00000000d5f00000,0x00000000d6000000)
 ParOldGen       total 589312K, used 589128K [0x0000000080000000, 0x00000000a3f80000, 0x00000000d5580000)
  object space 589312K, 99% used [0x0000000080000000,0x00000000a3f523e0,0x00000000a3f80000)
 Metaspace       used 97544K, committed 99520K, reserved 1179648K
  class space    used 13068K, committed 14016K, reserved 1048576K
}
Event: 182.562 GC heap after
{Heap after GC invocations=4043 (full 5):
 PSYoungGen      total 6656K, used 1014K [0x00000000d5580000, 0x00000000d6000000, 0x0000000100000000)
  eden space 5632K, 0% used [0x00000000d5580000,0x00000000d5580000,0x00000000d5b00000)
  from space 1024K, 99% used [0x00000000d5f00000,0x00000000d5ffd808,0x00000000d6000000)
  to   space 2048K, 0% used [0x00000000d5c00000,0x00000000d5c00000,0x00000000d5e00000)
 ParOldGen       total 589824K, used 589629K [0x0000000080000000, 0x00000000a4000000, 0x00000000d5580000)
  object space 589824K, 99% used [0x0000000080000000,0x00000000a3fcf5e8,0x00000000a4000000)
 Metaspace       used 97544K, committed 99520K, reserved 1179648K
  class space    used 13068K, committed 14016K, reserved 1048576K
}

