# JRE version: OpenJDK Runtime Environment Temurin-21.0.10+7 (21.0.10+7) (build 21.0.10+7-LTS)
# Java VM: OpenJDK 64-Bit Server VM Temurin-21.0.10+7 (21.0.10+7-LTS, mixed mode, sharing, tiered, compressed oops, compressed class ptrs, g1 gc, windows-amd64)
GC Precious Log:
 CardTable entry size: 512
 Card Set container configuration: InlinePtr #cards 4 size 8 Array Of Cards #cards 32 size 80 Howl #buckets 8 coarsen threshold 7372 Howl Bitmap #cards 1024 size 144 coarsen threshold 921 Card regions per heap region 1 cards per card region 8192
 CPUs: 8 total, 8 available
 Memory: 7934M
 Large Page Support: Disabled
 NUMA Support: Disabled
 Compressed Oops: Enabled (Zero based)
 Heap Region Size: 4M
 Heap Min Capacity: 8M
 Heap Initial Capacity: 124M
 Heap Max Capacity: 8G
 Pre-touch: Disabled
 Parallel Workers: 8
 Concurrent Workers: 2
 Concurrent Refinement Workers: 8
 Periodic GC: Disabled
Heap:
 garbage-first heap   total 348160K, used 233577K [0x0000000600000000, 0x0000000800000000)
  region size 4096K, 7 young (28672K), 3 survivors (12288K)
 Metaspace       used 111089K, committed 113728K, reserved 1179648K
  class space    used 15771K, committed 17024K, reserved 1048576K
GC Heap History (20 events):
Event: 62.415 GC heap before
{Heap before GC invocations=56 (full 0):
 garbage-first heap   total 266240K, used 185808K [0x0000000600000000, 0x0000000800000000)
  region size 4096K, 10 young (40960K), 2 survivors (8192K)
 Metaspace       used 107417K, committed 109888K, reserved 1179648K
  class space    used 15292K, committed 16512K, reserved 1048576K
}
Event: 62.428 GC heap after
{Heap after GC invocations=57 (full 0):
 garbage-first heap   total 344064K, used 163922K [0x0000000600000000, 0x0000000800000000)
  region size 4096K, 3 young (12288K), 3 survivors (12288K)
 Metaspace       used 107417K, committed 109888K, reserved 1179648K
  class space    used 15292K, committed 16512K, reserved 1048576K
}
Event: 66.142 GC heap before
{Heap before GC invocations=58 (full 0):
 garbage-first heap   total 344064K, used 303186K [0x0000000600000000, 0x0000000800000000)
  region size 4096K, 37 young (151552K), 3 survivors (12288K)
 Metaspace       used 108710K, committed 111296K, reserved 1179648K
  class space    used 15469K, committed 16704K, reserved 1048576K
}
Event: 66.157 GC heap after
{Heap after GC invocations=59 (full 0):
 garbage-first heap   total 344064K, used 178780K [0x0000000600000000, 0x0000000800000000)
  region size 4096K, 5 young (20480K), 5 survivors (20480K)
 Metaspace       used 108710K, committed 111296K, reserved 1179648K
  class space    used 15469K, committed 16704K, reserved 1048576K
}
Event: 71.777 GC heap before
{Heap before GC invocations=59 (full 0):
 garbage-first heap   total 344064K, used 293468K [0x0000000600000000, 0x0000000800000000)
  region size 4096K, 34 young (139264K), 5 survivors (20480K)
 Metaspace       used 108888K, committed 111424K, reserved 1179648K
  class space    used 15485K, committed 16704K, reserved 1048576K
}
Event: 71.807 GC heap after
{Heap after GC invocations=60 (full 0):
 garbage-first heap   total 344064K, used 181383K [0x0000000600000000, 0x0000000800000000)
  region size 4096K, 3 young (12288K), 3 survivors (12288K)
 Metaspace       used 108888K, committed 111424K, reserved 1179648K
  class space    used 15485K, committed 16704K, reserved 1048576K
}
Event: 77.243 GC heap before
{Heap before GC invocations=60 (full 0):
 garbage-first heap   total 344064K, used 296071K [0x0000000600000000, 0x0000000800000000)
  region size 4096K, 32 young (131072K), 3 survivors (12288K)
 Metaspace       used 109086K, committed 111616K, reserved 1179648K
  class space    used 15512K, committed 16768K, reserved 1048576K
}
Event: 77.252 GC heap after
{Heap after GC invocations=61 (full 0):
 garbage-first heap   total 344064K, used 188677K [0x0000000600000000, 0x0000000800000000)
  region size 4096K, 4 young (16384K), 4 survivors (16384K)
 Metaspace       used 109086K, committed 111616K, reserved 1179648K
  class space    used 15512K, committed 16768K, reserved 1048576K
}
Event: 78.079 GC heap before
{Heap before GC invocations=62 (full 0):
 garbage-first heap   total 344064K, used 299269K [0x0000000600000000, 0x0000000800000000)
  region size 4096K, 32 young (131072K), 4 survivors (16384K)
 Metaspace       used 109254K, committed 111808K, reserved 1179648K
  class space    used 15531K, committed 16768K, reserved 1048576K
}
Event: 78.096 GC heap after
{Heap after GC invocations=63 (full 0):
 garbage-first heap   total 344064K, used 195157K [0x0000000600000000, 0x0000000800000000)
  region size 4096K, 3 young (12288K), 3 survivors (12288K)
 Metaspace       used 109254K, committed 111808K, reserved 1179648K
  class space    used 15531K, committed 16768K, reserved 1048576K
}
Event: 95.235 GC heap before
{Heap before GC invocations=63 (full 0):
 garbage-first heap   total 344064K, used 305749K [0x0000000600000000, 0x0000000800000000)
  region size 4096K, 30 young (122880K), 3 survivors (12288K)
 Metaspace       used 109627K, committed 112192K, reserved 1179648K
  class space    used 15566K, committed 16832K, reserved 1048576K
}
Event: 95.248 GC heap after
{Heap after GC invocations=64 (full 0):
 garbage-first heap   total 344064K, used 202172K [0x0000000600000000, 0x0000000800000000)
  region size 4096K, 3 young (12288K), 3 survivors (12288K)
 Metaspace       used 109627K, committed 112192K, reserved 1179648K
  class space    used 15566K, committed 16832K, reserved 1048576K
}
Event: 95.548 GC heap before
{Heap before GC invocations=64 (full 0):
 garbage-first heap   total 344064K, used 304572K [0x0000000600000000, 0x0000000800000000)
  region size 4096K, 29 young (118784K), 3 survivors (12288K)
 Metaspace       used 109653K, committed 112256K, reserved 1179648K
  class space    used 15566K, committed 16832K, reserved 1048576K
}
Event: 95.562 GC heap after
{Heap after GC invocations=65 (full 0):
 garbage-first heap   total 344064K, used 207010K [0x0000000600000000, 0x0000000800000000)
  region size 4096K, 2 young (8192K), 2 survivors (8192K)
 Metaspace       used 109653K, committed 112256K, reserved 1179648K
  class space    used 15566K, committed 16832K, reserved 1048576K
}
Event: 101.003 GC heap before
{Heap before GC invocations=66 (full 0):
 garbage-first heap   total 348160K, used 309410K [0x0000000600000000, 0x0000000800000000)
  region size 4096K, 28 young (114688K), 2 survivors (8192K)
 Metaspace       used 109876K, committed 112512K, reserved 1179648K
  class space    used 15584K, committed 16832K, reserved 1048576K
}
Event: 101.013 GC heap after
{Heap after GC invocations=67 (full 0):
 garbage-first heap   total 348160K, used 214451K [0x0000000600000000, 0x0000000800000000)
  region size 4096K, 4 young (16384K), 4 survivors (16384K)
 Metaspace       used 109876K, committed 112512K, reserved 1179648K
  class space    used 15584K, committed 16832K, reserved 1048576K
}
Event: 101.309 GC heap before
{Heap before GC invocations=67 (full 0):
 garbage-first heap   total 348160K, used 312755K [0x0000000600000000, 0x0000000800000000)
  region size 4096K, 29 young (118784K), 4 survivors (16384K)
 Metaspace       used 109986K, committed 112640K, reserved 1179648K
  class space    used 15600K, committed 16896K, reserved 1048576K
}
Event: 101.323 GC heap after
{Heap after GC invocations=68 (full 0):
 garbage-first heap   total 348160K, used 215719K [0x0000000600000000, 0x0000000800000000)
  region size 4096K, 2 young (8192K), 2 survivors (8192K)
 Metaspace       used 109986K, committed 112640K, reserved 1179648K
  class space    used 15600K, committed 16896K, reserved 1048576K
}
Event: 103.308 GC heap before
{Heap before GC invocations=68 (full 0):
 garbage-first heap   total 348160K, used 318119K [0x0000000600000000, 0x0000000800000000)
  region size 4096K, 27 young (110592K), 2 survivors (8192K)
 Metaspace       used 111041K, committed 113664K, reserved 1179648K
  class space    used 15762K, committed 17024K, reserved 1048576K
}
Event: 103.322 GC heap after
{Heap after GC invocations=69 (full 0):
 garbage-first heap   total 348160K, used 221289K [0x0000000600000000, 0x0000000800000000)
  region size 4096K, 3 young (12288K), 3 survivors (12288K)
 Metaspace       used 111041K, committed 113664K, reserved 1179648K
  class space    used 15762K, committed 17024K, reserved 1048576K
}

