# JRE version: OpenJDK Runtime Environment Temurin-21.0.10+7 (21.0.10+7) (build 21.0.10+7-LTS)
# Java VM: OpenJDK 64-Bit Server VM Temurin-21.0.10+7 (21.0.10+7-LTS, mixed mode, sharing, tiered, compressed oops, compressed class ptrs, g1 gc, windows-amd64)
GC Precious Log:
 CardTable entry size: 512
 Card Set container configuration: InlinePtr #cards 5 size 8 Array Of Cards #cards 12 size 40 Howl #buckets 4 coarsen threshold 1843 Howl Bitmap #cards 512 size 80 coarsen threshold 460 Card regions per heap region 1 cards per card region 2048
 CPUs: 8 total, 8 available
 Memory: 7934M
 Large Page Support: Disabled
 NUMA Support: Disabled
 Compressed Oops: Enabled (32-bit)
 Heap Region Size: 1M
 Heap Min Capacity: 8M
 Heap Initial Capacity: 124M
 Heap Max Capacity: 1984M
 Pre-touch: Disabled
 Parallel Workers: 8
 Concurrent Workers: 2
 Concurrent Refinement Workers: 8
 Periodic GC: Disabled
Heap:
 garbage-first heap   total 158720K, used 114052K [0x0000000084000000, 0x0000000100000000)
  region size 1024K, 29 young (29696K), 6 survivors (6144K)
 Metaspace       used 65245K, committed 66176K, reserved 1114112K
  class space    used 7338K, committed 7744K, reserved 1048576K
GC Heap History (20 events):
Event: 5.618 GC heap before
{Heap before GC invocations=8 (full 0):
 garbage-first heap   total 107520K, used 87340K [0x0000000084000000, 0x0000000100000000)
  region size 1024K, 43 young (44032K), 3 survivors (3072K)
 Metaspace       used 41097K, committed 41920K, reserved 1114112K
  class space    used 5137K, committed 5504K, reserved 1048576K
}
Event: 5.633 GC heap after
{Heap after GC invocations=9 (full 0):
 garbage-first heap   total 107520K, used 49823K [0x0000000084000000, 0x0000000100000000)
  region size 1024K, 6 young (6144K), 6 survivors (6144K)
 Metaspace       used 41097K, committed 41920K, reserved 1114112K
  class space    used 5137K, committed 5504K, reserved 1048576K
}
Event: 6.554 GC heap before
{Heap before GC invocations=9 (full 0):
 garbage-first heap   total 107520K, used 88735K [0x0000000084000000, 0x0000000100000000)
  region size 1024K, 45 young (46080K), 6 survivors (6144K)
 Metaspace       used 46946K, committed 47744K, reserved 1114112K
  class space    used 5839K, committed 6208K, reserved 1048576K
}
Event: 6.571 GC heap after
{Heap after GC invocations=10 (full 0):
 garbage-first heap   total 107520K, used 52736K [0x0000000084000000, 0x0000000100000000)
  region size 1024K, 3 young (3072K), 3 survivors (3072K)
 Metaspace       used 46946K, committed 47744K, reserved 1114112K
  class space    used 5839K, committed 6208K, reserved 1048576K
}
Event: 8.010 GC heap before
{Heap before GC invocations=10 (full 0):
 garbage-first heap   total 107520K, used 91648K [0x0000000084000000, 0x0000000100000000)
  region size 1024K, 41 young (41984K), 3 survivors (3072K)
 Metaspace       used 50210K, committed 51008K, reserved 1114112K
  class space    used 6088K, committed 6464K, reserved 1048576K
}
Event: 8.033 GC heap after
{Heap after GC invocations=11 (full 0):
 garbage-first heap   total 129024K, used 60374K [0x0000000084000000, 0x0000000100000000)
  region size 1024K, 6 young (6144K), 6 survivors (6144K)
 Metaspace       used 50210K, committed 51008K, reserved 1114112K
  class space    used 6088K, committed 6464K, reserved 1048576K
}
Event: 9.870 GC heap before
{Heap before GC invocations=12 (full 0):
 garbage-first heap   total 129024K, used 108502K [0x0000000084000000, 0x0000000100000000)
  region size 1024K, 53 young (54272K), 6 survivors (6144K)
 Metaspace       used 54133K, committed 54976K, reserved 1114112K
  class space    used 6489K, committed 6912K, reserved 1048576K
}
Event: 9.889 GC heap after
{Heap after GC invocations=13 (full 0):
 garbage-first heap   total 129024K, used 67147K [0x0000000084000000, 0x0000000100000000)
  region size 1024K, 7 young (7168K), 7 survivors (7168K)
 Metaspace       used 54133K, committed 54976K, reserved 1114112K
  class space    used 6489K, committed 6912K, reserved 1048576K
}
Event: 11.561 GC heap before
{Heap before GC invocations=13 (full 0):
 garbage-first heap   total 129024K, used 111179K [0x0000000084000000, 0x0000000100000000)
  region size 1024K, 49 young (50176K), 7 survivors (7168K)
 Metaspace       used 55616K, committed 56448K, reserved 1114112K
  class space    used 6537K, committed 6912K, reserved 1048576K
}
Event: 11.579 GC heap after
{Heap after GC invocations=14 (full 0):
 garbage-first heap   total 129024K, used 72035K [0x0000000084000000, 0x0000000100000000)
  region size 1024K, 6 young (6144K), 6 survivors (6144K)
 Metaspace       used 55616K, committed 56448K, reserved 1114112K
  class space    used 6537K, committed 6912K, reserved 1048576K
}
Event: 13.430 GC heap before
{Heap before GC invocations=14 (full 0):
 garbage-first heap   total 129024K, used 112995K [0x0000000084000000, 0x0000000100000000)
  region size 1024K, 46 young (47104K), 6 survivors (6144K)
 Metaspace       used 56551K, committed 57408K, reserved 1114112K
  class space    used 6559K, committed 6976K, reserved 1048576K
}
Event: 13.447 GC heap after
{Heap after GC invocations=15 (full 0):
 garbage-first heap   total 129024K, used 77541K [0x0000000084000000, 0x0000000100000000)
  region size 1024K, 6 young (6144K), 6 survivors (6144K)
 Metaspace       used 56551K, committed 57408K, reserved 1114112K
  class space    used 6559K, committed 6976K, reserved 1048576K
}
Event: 14.865 GC heap before
{Heap before GC invocations=16 (full 0):
 garbage-first heap   total 132096K, used 115429K [0x0000000084000000, 0x0000000100000000)
  region size 1024K, 41 young (41984K), 6 survivors (6144K)
 Metaspace       used 57076K, committed 57920K, reserved 1114112K
  class space    used 6585K, committed 6976K, reserved 1048576K
}
Event: 14.882 GC heap after
{Heap after GC invocations=17 (full 0):
 garbage-first heap   total 132096K, used 83262K [0x0000000084000000, 0x0000000100000000)
  region size 1024K, 4 young (4096K), 4 survivors (4096K)
 Metaspace       used 57076K, committed 57920K, reserved 1114112K
  class space    used 6585K, committed 6976K, reserved 1048576K
}
Event: 16.565 GC heap before
{Heap before GC invocations=17 (full 0):
 garbage-first heap   total 132096K, used 119102K [0x0000000084000000, 0x0000000100000000)
  region size 1024K, 39 young (39936K), 4 survivors (4096K)
 Metaspace       used 57562K, committed 58432K, reserved 1114112K
  class space    used 6625K, committed 7040K, reserved 1048576K
}
Event: 16.583 GC heap after
{Heap after GC invocations=18 (full 0):
 garbage-first heap   total 132096K, used 86024K [0x0000000084000000, 0x0000000100000000)
  region size 1024K, 4 young (4096K), 4 survivors (4096K)
 Metaspace       used 57562K, committed 58432K, reserved 1114112K
  class space    used 6625K, committed 7040K, reserved 1048576K
}
Event: 17.783 GC heap before
{Heap before GC invocations=18 (full 0):
 garbage-first heap   total 132096K, used 119816K [0x0000000084000000, 0x0000000100000000)
  region size 1024K, 37 young (37888K), 4 survivors (4096K)
 Metaspace       used 58009K, committed 58816K, reserved 1114112K
  class space    used 6651K, committed 7040K, reserved 1048576K
}
Event: 17.795 GC heap after
{Heap after GC invocations=19 (full 0):
 garbage-first heap   total 158720K, used 88965K [0x0000000084000000, 0x0000000100000000)
  region size 1024K, 3 young (3072K), 3 survivors (3072K)
 Metaspace       used 58009K, committed 58816K, reserved 1114112K
  class space    used 6651K, committed 7040K, reserved 1048576K
}
Event: 19.400 GC heap before
{Heap before GC invocations=20 (full 0):
 garbage-first heap   total 158720K, used 142213K [0x0000000084000000, 0x0000000100000000)
  region size 1024K, 55 young (56320K), 3 survivors (3072K)
 Metaspace       used 60509K, committed 61312K, reserved 1114112K
  class space    used 6891K, committed 7296K, reserved 1048576K
}
Event: 19.410 GC heap after
{Heap after GC invocations=21 (full 0):
 garbage-first heap   total 158720K, used 91524K [0x0000000084000000, 0x0000000100000000)
  region size 1024K, 6 young (6144K), 6 survivors (6144K)
 Metaspace       used 60509K, committed 61312K, reserved 1114112K
  class space    used 6891K, committed 7296K, reserved 1048576K
}

